2026-03-27 10:03:43 | WARNING  | lightgbm not installed (optional for ensemble)
2026-03-27 10:03:44 | INFO     | Bot lockfile acquired: PID 50420
2026-03-27 10:03:44 | WARNING  | Filter config not found at data\filter_config.json, using defaults (all enabled)
2026-03-27 10:03:44 | INFO     | Filter config saved to data\filter_config.json
2026-03-27 10:03:48 | ERROR    | Database connection failed: connection to server at "localhost" (::1), port 5432 failed: Connection refused (0x0000274D/10061)
	Is the server running on that host and accepting TCP/IP connections?
connection to server at "localhost" (127.0.0.1), port 5432 failed: Connection refused (0x0000274D/10061)
	Is the server running on that host and accepting TCP/IP connections?

2026-03-27 10:03:48 | WARNING  | AutoTrainer: Database connection failed, using file
2026-03-27 10:03:48 | INFO     | AutoTrainer initialized: DB=False, Min AUC=0.65
2026-03-27 10:03:48 | WARNING  | Could not initialize FuzzyExitController: scikit-fuzzy not installed. Install with: pip install scikit-fuzzy
2026-03-27 10:03:48 | INFO     |   [OK] Kelly Position Scaler initialized
2026-03-27 10:03:48 | INFO     |   [OK] Trajectory Predictor initialized
2026-03-27 10:03:48 | INFO     |   [OK] Momentum Persistence initialized
2026-03-27 10:03:48 | INFO     |   [OK] Recovery Detector initialized
2026-03-27 10:03:48 | INFO     | ==================================================
2026-03-27 10:03:48 | WARNING  | Could not read VERSION file: [Errno 2] No such file or directory: 'C:\\Users\\BGVK38\\Desktop\\Quant_Trading_Bot\\VERSION', using default 0.0.0
2026-03-27 10:03:48 | INFO     | SMART RISK MANAGER v0.6.0 (Exit v6.3 Predictive Intelligence) INITIALIZED
2026-03-27 10:03:48 | INFO     |   Capital: $5,000.00
2026-03-27 10:03:48 | INFO     |   Max Daily Loss: 5.0% ($250.00)
2026-03-27 10:03:48 | INFO     |   Max Total Loss: 10.0% ($500.00)
2026-03-27 10:03:48 | INFO     |   Software S/L: 0.75% ($37.50)
2026-03-27 10:03:48 | INFO     |   Emergency Broker S/L: 1.5% ($75.00)
2026-03-27 10:03:48 | INFO     |   Max Positions: 2
2026-03-27 10:03:48 | INFO     |   Base Lot: 0.01
2026-03-27 10:03:48 | INFO     |   Max Lot: 0.02
2026-03-27 10:03:48 | INFO     |   Mode: SMART S/L (software + broker safety net)
2026-03-27 10:03:48 | INFO     |   Advanced Exits: ENABLED (Kalman + Fuzzy + Kelly + Predictive)
2026-03-27 10:03:48 | INFO     | ==================================================
2026-03-27 10:03:48 | WARNING  | Telegram notifier disabled - missing BOT_TOKEN or CHAT_ID
2026-03-27 10:03:48 | INFO     | Telegram notifier initialized (enabled=False)
2026-03-27 10:03:52 | ERROR    | Database connection failed: connection to server at "localhost" (::1), port 5432 failed: Connection refused (0x0000274D/10061)
	Is the server running on that host and accepting TCP/IP connections?
connection to server at "localhost" (127.0.0.1), port 5432 failed: Connection refused (0x0000274D/10061)
	Is the server running on that host and accepting TCP/IP connections?

2026-03-27 10:03:52 | WARNING  | TradeLogger: Database connection failed, using CSV
2026-03-27 10:03:52 | INFO     | TradeLogger initialized: DB=False, CSV=data\trade_logs
2026-03-27 10:03:52 | INFO     | ============================================================
2026-03-27 10:03:52 | INFO     | XAUBOT AI v0.6.0 (Kalman + Fuzzy + Kelly + Predictive)
2026-03-27 10:03:52 | INFO     | Strategy: Exit v6.3 Predictive Intelligence
2026-03-27 10:03:52 | INFO     | ============================================================
2026-03-27 10:03:52 | INFO     | Symbol: XAUUSD
2026-03-27 10:03:52 | INFO     | Capital: $5,000.00
2026-03-27 10:03:52 | INFO     | Mode: small
2026-03-27 10:03:52 | INFO     | Simulation: False
2026-03-27 10:03:52 | INFO     | ============================================================
2026-03-27 10:03:52 | INFO     | Loading trained models...
2026-03-27 10:03:52 | INFO     | HMM model v3 loaded from models\hmm_regime.pkl
2026-03-27 10:03:52 | INFO     | HMM Regime model loaded successfully
2026-03-27 10:03:52 | INFO     | Model loaded from models\xgboost_model.pkl
2026-03-27 10:03:52 | INFO     |   Type: xgboost_binary
2026-03-27 10:03:52 | INFO     |   train_auc: 0.6706
2026-03-27 10:03:52 | INFO     |   test_auc: 0.6109
2026-03-27 10:03:52 | INFO     | ML V2 Model D loaded successfully
2026-03-27 10:03:52 | INFO     |   Features: 37
2026-03-27 10:03:52 | INFO     |   Type: xgboost_binary
2026-03-27 10:03:54 | INFO     | Connected to MT5: MetaQuotes-Demo (Account: 10010248609)
2026-03-27 10:03:55 | INFO     | MT5 connected successfully!
2026-03-27 10:03:55 | INFO     | Account Balance: $99,585.73
2026-03-27 10:03:55 | INFO     | Account Equity: $99,585.73
2026-03-27 10:03:55 | INFO     | Session: Sydney (low vol)
2026-03-27 10:03:55 | INFO     | Can Trade: True - Trading OK - Sydney (SAFE MODE: 0.5x lot)
2026-03-27 10:03:55 | INFO     | Telegram: Startup message sent
2026-03-27 10:03:55 | INFO     | Telegram commands registered: /status /market /risk /positions /daily /filters /help
2026-03-27 10:03:55 | INFO     | Position guards synced: 0 active (MT5 has 0 positions)
2026-03-27 10:03:55 | INFO     | Starting main trading loop...
2026-03-27 10:03:55 | DEBUG    | Fetched 2 bars for XAUUSD M15
2026-03-27 10:03:55 | INFO     | Filter config loaded: 11/11 filters enabled
2026-03-27 10:03:55 | DEBUG    | Fetched 200 bars for XAUUSD M15
2026-03-27 10:03:55 | DEBUG    | RSI calculated (period=14)
2026-03-27 10:03:55 | DEBUG    | ATR calculated (period=14)
2026-03-27 10:03:55 | DEBUG    | MACD calculated (12/26/9)
2026-03-27 10:03:55 | DEBUG    | Bollinger Bands calculated (period=20, std=2.0)
2026-03-27 10:03:55 | DEBUG    | EMA crossover calculated (9/21)
2026-03-27 10:03:55 | DEBUG    | Volume features calculated (period=20, includes OFI & toxicity)
2026-03-27 10:03:55 | DEBUG    | ML features calculated
2026-03-27 10:03:55 | DEBUG    | Swing points: 12 highs, 17 lows
2026-03-27 10:03:55 | DEBUG    | FVG calculation complete. Bullish: 19, Bearish: 20
2026-03-27 10:03:55 | DEBUG    | Order Blocks: 9 bullish, 11 bearish
2026-03-27 10:03:55 | DEBUG    | BOS: 0 bullish, 1 bearish
2026-03-27 10:03:55 | DEBUG    | CHoCH: 3 bullish, 3 bearish
2026-03-27 10:03:55 | INFO     | Adding all V2 features (23 new features)...
2026-03-27 10:03:55 | WARNING  | No H1 data provided, using default H1 features
2026-03-27 10:03:55 | DEBUG    | Continuous SMC features added (7 features)
2026-03-27 10:03:55 | DEBUG    | Regime features added (4 features)
2026-03-27 10:03:55 | DEBUG    | Price action features added (4 features)
2026-03-27 10:03:55 | INFO     | All V2 features added (23 total)
2026-03-27 10:03:55 | INFO     | SMC Signal: BUY @ 4432.03000, SL: 4375.38000, TP: 4517.00500, RR: 1.50, Confidence: 0.85
2026-03-27 10:03:56 | DEBUG    | Fetched 50 bars for XAUUSD M15
2026-03-27 10:03:56 | INFO     | Telegram: Hourly analysis report sent
2026-03-27 10:03:56 | INFO     | Telegram: Hourly analysis report sent
2026-03-27 10:03:56 | INFO     | Price: 4432.03 | Regime: high_volatility | SMC: BUY | ML: HOLD(50%)
2026-03-27 10:03:56 | INFO     | Dynamic: moderate (score=60) -> threshold=70%
2026-03-27 10:03:56 | INFO     | [SMC-ONLY] BUY @ 4432.03 (SMC=85%, ML=HOLD 50%, Final=76%)
2026-03-27 10:03:56 | DEBUG    | H1 Filter: NEUTRAL — no adjustment
2026-03-27 10:03:56 | INFO     | Trade rejected: Confidence 50.0% is below strict 70% threshold
2026-03-27 10:03:56 | INFO     | Sydney SAFE MODE: Lot 0.00 -> 0.01 (0.5x)
2026-03-27 10:03:56 | INFO     | Smart Risk: Lot=0.01, Risk=$5.66 (0.01%), Mode=normal
2026-03-27 10:03:56 | INFO     | Emergency SL calculated: 4424.53 ($75.00 max loss)
2026-03-27 10:03:56 | INFO     | ==================================================
2026-03-27 10:03:56 | INFO     | SAFE TRADE MODE v2 - SMART S/L
2026-03-27 10:03:56 | INFO     | ==================================================
2026-03-27 10:03:56 | INFO     | TRADE SIGNAL: BUY
2026-03-27 10:03:56 | INFO     |   Entry: 4432.03
2026-03-27 10:03:56 | INFO     |   TP: 4517.00
2026-03-27 10:03:56 | INFO     |   Emergency SL: 4424.53 (broker safety net)
2026-03-27 10:03:56 | INFO     |   Software S/L: $37.50 (smart management)
2026-03-27 10:03:56 | INFO     |   Lot: 0.01 (Ultra Safe)
2026-03-27 10:03:56 | INFO     |   Confidence: 76.50%
2026-03-27 10:03:56 | INFO     |   Reason: SMC-ONLY: Bullish BOS/CHoCH + FVG | ML: HOLD (50%)
2026-03-27 10:03:56 | INFO     | ==================================================
2026-03-27 10:03:56 | INFO     |   Broker SL: 4375.38 (ATR-based protection)
2026-03-27 10:03:56 | INFO     | Order executed: BUY 0.01 XAUUSD @ 4431.8
2026-03-27 10:03:56 | INFO     | SAFE ORDER EXECUTED! ID: 151850687265
2026-03-27 10:03:56 | INFO     | Slippage OK: $0.23 (2.3 pips)
2026-03-27 10:03:56 | DEBUG    | Full fill: 0.01 lots
2026-03-27 10:03:56 | INFO     | Position #151850687265 registered - NO HARD SL, max loss $37.5
2026-03-27 10:03:56 | DEBUG    | TradeLogger: Recorded open #151850687265
2026-03-27 10:03:56 | INFO     | Telegram: Trade open notification sent for #151850687265
2026-03-27 10:04:01 | DEBUG    | Fetched 2 bars for XAUUSD M15
2026-03-27 10:04:01 | DEBUG    | Fetched 5 bars for XAUUSD M15
2026-03-27 10:04:06 | DEBUG    | Fetched 2 bars for XAUUSD M15
2026-03-27 10:04:07 | DEBUG    | Fetched 5 bars for XAUUSD M15
2026-03-27 10:04:07 | INFO     | [DYNAMIC] #151850687265 regime=high_volatility state=stalling P×1.00 L×1.50 | tp_min=$2.6 max_loss=$26.1 eff_max=$36.4 ratchet=$36.4 grace=2.0m ever_profit=N
2026-03-27 10:04:07 | INFO     | [MOMENTUM] #151850687265 profit=$-0.50 | vel=-0.0313$/s | accel=0.0000 | stag=5s | ATR=17.4(0.97x) | samples=2
2026-03-27 10:04:12 | DEBUG    | Fetched 2 bars for XAUUSD M15
2026-03-27 10:04:12 | DEBUG    | Fetched 5 bars for XAUUSD M15
2026-03-27 10:04:17 | DEBUG    | Fetched 2 bars for XAUUSD M15
2026-03-27 10:04:18 | DEBUG    | Fetched 5 bars for XAUUSD M15
2026-03-27 10:04:23 | DEBUG    | Fetched 2 bars for XAUUSD M15
2026-03-27 10:04:23 | DEBUG    | Fetched 5 bars for XAUUSD M15
2026-03-27 10:04:28 | DEBUG    | Fetched 2 bars for XAUUSD M15
2026-03-27 10:04:28 | DEBUG    | Fetched 5 bars for XAUUSD M15
2026-03-27 10:04:34 | DEBUG    | Fetched 2 bars for XAUUSD M15
2026-03-27 10:04:34 | DEBUG    | Fetched 5 bars for XAUUSD M15
2026-03-27 10:04:39 | DEBUG    | Fetched 2 bars for XAUUSD M15
2026-03-27 10:04:39 | DEBUG    | Fetched 5 bars for XAUUSD M15
2026-03-27 10:04:39 | INFO     | [MOMENTUM] #151850687265 profit=$-1.93 | vel=-0.0185$/s | accel=0.0022 | stag=5s | ATR=17.4(0.97x) | samples=8
2026-03-27 10:04:44 | DEBUG    | Fetched 2 bars for XAUUSD M15
2026-03-27 10:04:45 | DEBUG    | Fetched 5 bars for XAUUSD M15
2026-03-27 10:04:50 | DEBUG    | Fetched 2 bars for XAUUSD M15
2026-03-27 10:04:50 | DEBUG    | Fetched 5 bars for XAUUSD M15
2026-03-27 10:04:55 | DEBUG    | Fetched 2 bars for XAUUSD M15
2026-03-27 10:04:55 | DEBUG    | Fetched 5 bars for XAUUSD M15
2026-03-27 10:05:01 | DEBUG    | Fetched 2 bars for XAUUSD M15
2026-03-27 10:05:01 | DEBUG    | Fetched 5 bars for XAUUSD M15
2026-03-27 10:05:06 | DEBUG    | Fetched 2 bars for XAUUSD M15
2026-03-27 10:05:06 | DEBUG    | Fetched 5 bars for XAUUSD M15
2026-03-27 10:05:11 | DEBUG    | Fetched 2 bars for XAUUSD M15
2026-03-27 10:05:12 | DEBUG    | Fetched 5 bars for XAUUSD M15
2026-03-27 10:05:12 | INFO     | [DYNAMIC] #151850687265 regime=high_volatility state=steady_profit P×1.00 L×1.50 | tp_min=$2.6 max_loss=$18.3 eff_max=$36.4 ratchet=$36.4 grace=2.0m ever_profit=N
2026-03-27 10:05:12 | INFO     | [MOMENTUM] #151850687265 profit=$-1.70 | vel=-0.0129$/s | accel=0.0011 | stag=16s | ATR=17.4(0.97x) | samples=14
2026-03-27 10:05:17 | DEBUG    | Fetched 2 bars for XAUUSD M15
2026-03-27 10:05:17 | DEBUG    | Fetched 5 bars for XAUUSD M15
2026-03-27 10:05:22 | DEBUG    | Fetched 2 bars for XAUUSD M15
2026-03-27 10:05:23 | DEBUG    | Fetched 5 bars for XAUUSD M15
2026-03-27 10:05:28 | DEBUG    | Fetched 2 bars for XAUUSD M15
2026-03-27 10:05:28 | DEBUG    | Fetched 5 bars for XAUUSD M15
2026-03-27 10:05:33 | DEBUG    | Fetched 2 bars for XAUUSD M15
2026-03-27 10:05:33 | DEBUG    | Fetched 5 bars for XAUUSD M15
2026-03-27 10:05:39 | DEBUG    | Fetched 2 bars for XAUUSD M15
2026-03-27 10:05:39 | DEBUG    | Fetched 5 bars for XAUUSD M15
2026-03-27 10:05:44 | DEBUG    | Fetched 2 bars for XAUUSD M15
2026-03-27 10:05:44 | DEBUG    | Fetched 5 bars for XAUUSD M15
2026-03-27 10:05:44 | INFO     | [MOMENTUM] #151850687265 profit=$-1.46 | vel=-0.0397$/s | accel=0.0001 | stag=5s | ATR=17.4(0.97x) | samples=20
2026-03-27 10:05:49 | DEBUG    | Fetched 2 bars for XAUUSD M15
2026-03-27 10:05:50 | DEBUG    | Fetched 5 bars for XAUUSD M15
2026-03-27 10:05:55 | DEBUG    | Fetched 2 bars for XAUUSD M15
2026-03-27 10:05:55 | DEBUG    | Fetched 5 bars for XAUUSD M15
2026-03-27 10:06:00 | DEBUG    | Fetched 2 bars for XAUUSD M15
2026-03-27 10:06:00 | DEBUG    | Fetched 5 bars for XAUUSD M15
2026-03-27 10:06:06 | DEBUG    | Fetched 2 bars for XAUUSD M15
2026-03-27 10:06:06 | DEBUG    | Fetched 5 bars for XAUUSD M15
2026-03-27 10:06:11 | DEBUG    | Fetched 2 bars for XAUUSD M15
2026-03-27 10:06:11 | DEBUG    | Fetched 5 bars for XAUUSD M15
2026-03-27 10:06:16 | DEBUG    | Fetched 2 bars for XAUUSD M15
2026-03-27 10:06:17 | DEBUG    | Fetched 5 bars for XAUUSD M15
2026-03-27 10:06:17 | INFO     | [DYNAMIC] #151850687265 regime=high_volatility state=declining P×1.00 L×1.35 | tp_min=$2.6 max_loss=$18.3 eff_max=$36.4 ratchet=$36.4 grace=2.0m ever_profit=N
2026-03-27 10:06:17 | INFO     | [MOMENTUM] #151850687265 profit=$-4.02 | vel=-0.0360$/s | accel=-0.0012 | stag=5s | ATR=17.4(0.97x) | samples=20
2026-03-27 10:06:22 | DEBUG    | Fetched 2 bars for XAUUSD M15
2026-03-27 10:06:22 | DEBUG    | Fetched 5 bars for XAUUSD M15
2026-03-27 10:06:27 | DEBUG    | Fetched 2 bars for XAUUSD M15
2026-03-27 10:06:27 | DEBUG    | Fetched 5 bars for XAUUSD M15
2026-03-27 10:06:33 | DEBUG    | Fetched 2 bars for XAUUSD M15
2026-03-27 10:06:33 | DEBUG    | Fetched 5 bars for XAUUSD M15
2026-03-27 10:06:38 | DEBUG    | Fetched 2 bars for XAUUSD M15
2026-03-27 10:06:38 | DEBUG    | Fetched 5 bars for XAUUSD M15
2026-03-27 10:06:43 | DEBUG    | Fetched 2 bars for XAUUSD M15
2026-03-27 10:06:44 | DEBUG    | Fetched 5 bars for XAUUSD M15
2026-03-27 10:06:49 | DEBUG    | Fetched 2 bars for XAUUSD M15
2026-03-27 10:06:49 | DEBUG    | Fetched 5 bars for XAUUSD M15
2026-03-27 10:06:49 | INFO     | [MOMENTUM] #151850687265 profit=$-4.63 | vel=0.0032$/s | accel=0.0003 | stag=16s | ATR=17.4(0.97x) | samples=20
2026-03-27 10:06:54 | DEBUG    | Fetched 2 bars for XAUUSD M15
2026-03-27 10:06:55 | DEBUG    | Fetched 5 bars for XAUUSD M15
2026-03-27 10:07:00 | DEBUG    | Fetched 2 bars for XAUUSD M15
2026-03-27 10:07:00 | DEBUG    | Fetched 5 bars for XAUUSD M15
2026-03-27 10:07:05 | DEBUG    | Fetched 2 bars for XAUUSD M15
2026-03-27 10:07:05 | DEBUG    | Fetched 5 bars for XAUUSD M15
2026-03-27 10:07:11 | DEBUG    | Fetched 2 bars for XAUUSD M15
2026-03-27 10:07:11 | DEBUG    | Fetched 5 bars for XAUUSD M15
2026-03-27 10:07:16 | DEBUG    | Fetched 2 bars for XAUUSD M15
2026-03-27 10:07:16 | DEBUG    | Fetched 5 bars for XAUUSD M15
2026-03-27 10:07:21 | DEBUG    | Fetched 2 bars for XAUUSD M15
2026-03-27 10:07:22 | DEBUG    | Fetched 5 bars for XAUUSD M15
2026-03-27 10:07:22 | INFO     | [DYNAMIC] #151850687265 regime=high_volatility state=declining P×1.00 L×1.35 | tp_min=$2.6 max_loss=$18.3 eff_max=$36.4 ratchet=$36.4 grace=2.0m ever_profit=N
2026-03-27 10:07:22 | INFO     | [MOMENTUM] #151850687265 profit=$-4.34 | vel=0.0074$/s | accel=0.0011 | stag=27s | ATR=17.4(0.97x) | samples=20
2026-03-27 10:07:27 | DEBUG    | Fetched 2 bars for XAUUSD M15
2026-03-27 10:07:27 | DEBUG    | Fetched 5 bars for XAUUSD M15
2026-03-27 10:07:32 | DEBUG    | Fetched 2 bars for XAUUSD M15
2026-03-27 10:07:32 | DEBUG    | Fetched 5 bars for XAUUSD M15
2026-03-27 10:07:38 | DEBUG    | Fetched 2 bars for XAUUSD M15
2026-03-27 10:07:38 | DEBUG    | Fetched 5 bars for XAUUSD M15
2026-03-27 10:07:43 | DEBUG    | Fetched 2 bars for XAUUSD M15
2026-03-27 10:07:43 | DEBUG    | Fetched 5 bars for XAUUSD M15
2026-03-27 10:07:48 | DEBUG    | Fetched 2 bars for XAUUSD M15
2026-03-27 10:07:49 | DEBUG    | Fetched 5 bars for XAUUSD M15
2026-03-27 10:07:54 | DEBUG    | Fetched 2 bars for XAUUSD M15
2026-03-27 10:07:54 | DEBUG    | Fetched 5 bars for XAUUSD M15
2026-03-27 10:07:54 | INFO     | [MOMENTUM] #151850687265 profit=$-1.81 | vel=0.1829$/s | accel=0.0006 | stag=0s | ATR=17.4(0.97x) | samples=20
2026-03-27 10:07:59 | DEBUG    | Fetched 2 bars for XAUUSD M15
2026-03-27 10:08:00 | DEBUG    | Fetched 5 bars for XAUUSD M15
2026-03-27 10:08:05 | DEBUG    | Fetched 2 bars for XAUUSD M15
2026-03-27 10:08:05 | DEBUG    | Fetched 5 bars for XAUUSD M15
2026-03-27 10:08:10 | DEBUG    | Fetched 2 bars for XAUUSD M15
2026-03-27 10:08:10 | DEBUG    | Fetched 5 bars for XAUUSD M15
2026-03-27 10:08:16 | DEBUG    | Fetched 2 bars for XAUUSD M15
2026-03-27 10:08:16 | DEBUG    | Fetched 5 bars for XAUUSD M15
2026-03-27 10:08:21 | DEBUG    | Fetched 2 bars for XAUUSD M15
2026-03-27 10:08:21 | DEBUG    | Fetched 5 bars for XAUUSD M15
2026-03-27 10:08:26 | DEBUG    | Fetched 2 bars for XAUUSD M15
2026-03-27 10:08:27 | DEBUG    | Fetched 5 bars for XAUUSD M15
2026-03-27 10:08:27 | INFO     | [DYNAMIC] #151850687265 regime=high_volatility state=accelerating_profit P×1.00 L×2.25 | tp_min=$2.6 max_loss=$18.3 eff_max=$36.4 ratchet=$36.4 grace=10.0m ever_profit=Y
2026-03-27 10:08:27 | INFO     | [MOMENTUM] #151850687265 profit=$+1.43 | vel=0.0240$/s | accel=0.0016 | stag=5s | ATR=17.4(0.97x) | samples=20
2026-03-27 10:08:32 | DEBUG    | Fetched 2 bars for XAUUSD M15
2026-03-27 10:08:32 | DEBUG    | Fetched 5 bars for XAUUSD M15
2026-03-27 10:08:37 | DEBUG    | Fetched 2 bars for XAUUSD M15
2026-03-27 10:08:37 | DEBUG    | Fetched 5 bars for XAUUSD M15
2026-03-27 10:08:43 | DEBUG    | Fetched 2 bars for XAUUSD M15
2026-03-27 10:08:43 | DEBUG    | Fetched 5 bars for XAUUSD M15
2026-03-27 10:08:48 | DEBUG    | Fetched 2 bars for XAUUSD M15
2026-03-27 10:08:48 | DEBUG    | Fetched 5 bars for XAUUSD M15
2026-03-27 10:08:53 | DEBUG    | Fetched 2 bars for XAUUSD M15
2026-03-27 10:08:54 | DEBUG    | Fetched 5 bars for XAUUSD M15
2026-03-27 10:08:59 | DEBUG    | Fetched 2 bars for XAUUSD M15
2026-03-27 10:08:59 | DEBUG    | Fetched 5 bars for XAUUSD M15
2026-03-27 10:08:59 | INFO     | [MOMENTUM] #151850687265 profit=$+1.91 | vel=0.0664$/s | accel=-0.0013 | stag=0s | ATR=17.4(0.97x) | samples=20
2026-03-27 10:09:04 | DEBUG    | Fetched 2 bars for XAUUSD M15
2026-03-27 10:09:05 | DEBUG    | Fetched 5 bars for XAUUSD M15
2026-03-27 10:09:10 | DEBUG    | Fetched 2 bars for XAUUSD M15
2026-03-27 10:09:10 | DEBUG    | Fetched 5 bars for XAUUSD M15
2026-03-27 10:09:15 | DEBUG    | Fetched 2 bars for XAUUSD M15
2026-03-27 10:09:15 | DEBUG    | Fetched 5 bars for XAUUSD M15
2026-03-27 10:09:21 | DEBUG    | Fetched 2 bars for XAUUSD M15
2026-03-27 10:09:21 | DEBUG    | Fetched 5 bars for XAUUSD M15
2026-03-27 10:09:26 | DEBUG    | Fetched 2 bars for XAUUSD M15
2026-03-27 10:09:26 | DEBUG    | Fetched 5 bars for XAUUSD M15
2026-03-27 10:09:31 | DEBUG    | Fetched 2 bars for XAUUSD M15
2026-03-27 10:09:32 | DEBUG    | Fetched 5 bars for XAUUSD M15
2026-03-27 10:09:32 | INFO     | [DYNAMIC] #151850687265 regime=high_volatility state=stalling P×1.00 L×2.25 | tp_min=$2.6 max_loss=$18.3 eff_max=$36.4 ratchet=$36.4 grace=10.0m ever_profit=Y
2026-03-27 10:09:32 | INFO     | [MOMENTUM] #151850687265 profit=$+2.63 | vel=0.0522$/s | accel=-0.0001 | stag=0s | ATR=17.4(0.97x) | samples=20
2026-03-27 10:09:32 | INFO     | Smart Close #151850687265: take_profit - [MOM-FADE] Securing $2.63 — momentum fading (moderate) vel=-0.017 decel=3x flips=0 peak=$2.63
2026-03-27 10:09:32 | INFO     | Position 151850687265 closed @ 4434.43
2026-03-27 10:09:32 | INFO     | CLOSED #151850687265: [MOM-FADE] Securing $2.63 — momentum fading (moderate) vel=-0.017 decel=3x flips=0 peak=$2.63
2026-03-27 10:09:32 | INFO     | PROFIT recorded: +$2.63 | Daily: +$2.63 | Total Loss: $0.00
2026-03-27 10:09:32 | INFO     | TradeLogger: Saved trade #151850687265 | BUY | P/L: $2.63 | Reason: take_profit
2026-03-27 10:09:32 | INFO     | Telegram: Trade close notification sent for #151850687265
2026-03-27 10:09:37 | DEBUG    | Fetched 2 bars for XAUUSD M15
2026-03-27 10:09:37 | DEBUG    | Fetched 5 bars for XAUUSD M15
2026-03-27 10:09:42 | DEBUG    | Fetched 2 bars for XAUUSD M15
2026-03-27 10:09:43 | DEBUG    | Fetched 5 bars for XAUUSD M15
2026-03-27 10:09:48 | DEBUG    | Fetched 2 bars for XAUUSD M15
2026-03-27 10:09:48 | DEBUG    | Fetched 5 bars for XAUUSD M15
2026-03-27 10:09:53 | DEBUG    | Fetched 2 bars for XAUUSD M15
2026-03-27 10:09:53 | DEBUG    | Fetched 5 bars for XAUUSD M15
2026-03-27 10:09:59 | DEBUG    | Fetched 2 bars for XAUUSD M15
2026-03-27 10:09:59 | DEBUG    | Fetched 5 bars for XAUUSD M15
2026-03-27 10:10:04 | DEBUG    | Fetched 2 bars for XAUUSD M15
2026-03-27 10:10:04 | DEBUG    | Fetched 5 bars for XAUUSD M15
2026-03-27 10:10:09 | DEBUG    | Fetched 2 bars for XAUUSD M15
2026-03-27 10:10:10 | DEBUG    | Fetched 5 bars for XAUUSD M15
2026-03-27 10:10:15 | DEBUG    | Fetched 2 bars for XAUUSD M15
2026-03-27 10:10:15 | DEBUG    | Fetched 5 bars for XAUUSD M15
2026-03-27 10:10:20 | DEBUG    | Fetched 2 bars for XAUUSD M15
2026-03-27 10:10:21 | DEBUG    | Fetched 5 bars for XAUUSD M15
2026-03-27 10:10:26 | DEBUG    | Fetched 2 bars for XAUUSD M15
2026-03-27 10:10:26 | DEBUG    | Fetched 5 bars for XAUUSD M15
2026-03-27 10:10:31 | DEBUG    | Fetched 2 bars for XAUUSD M15
2026-03-27 10:10:31 | DEBUG    | Fetched 5 bars for XAUUSD M15
2026-03-27 10:10:37 | DEBUG    | Fetched 2 bars for XAUUSD M15
2026-03-27 10:10:37 | DEBUG    | Fetched 5 bars for XAUUSD M15
2026-03-27 10:10:42 | DEBUG    | Fetched 2 bars for XAUUSD M15
2026-03-27 10:10:42 | DEBUG    | Fetched 5 bars for XAUUSD M15
2026-03-27 10:10:47 | DEBUG    | Fetched 2 bars for XAUUSD M15
2026-03-27 10:10:48 | DEBUG    | Fetched 5 bars for XAUUSD M15
2026-03-27 10:10:53 | DEBUG    | Fetched 2 bars for XAUUSD M15
2026-03-27 10:10:53 | DEBUG    | Fetched 5 bars for XAUUSD M15
2026-03-27 10:10:58 | DEBUG    | Fetched 2 bars for XAUUSD M15
2026-03-27 10:10:58 | DEBUG    | Fetched 5 bars for XAUUSD M15
2026-03-27 10:11:04 | DEBUG    | Fetched 2 bars for XAUUSD M15
2026-03-27 10:11:04 | DEBUG    | Fetched 5 bars for XAUUSD M15
2026-03-27 10:11:09 | DEBUG    | Fetched 2 bars for XAUUSD M15
2026-03-27 10:11:09 | DEBUG    | Fetched 5 bars for XAUUSD M15
2026-03-27 10:11:14 | DEBUG    | Fetched 2 bars for XAUUSD M15
2026-03-27 10:11:15 | DEBUG    | Fetched 5 bars for XAUUSD M15
2026-03-27 10:11:20 | DEBUG    | Fetched 2 bars for XAUUSD M15
2026-03-27 10:11:20 | DEBUG    | Fetched 5 bars for XAUUSD M15
2026-03-27 10:11:25 | DEBUG    | Fetched 2 bars for XAUUSD M15
2026-03-27 10:11:25 | DEBUG    | Fetched 5 bars for XAUUSD M15
2026-03-27 10:11:31 | DEBUG    | Fetched 2 bars for XAUUSD M15
2026-03-27 10:11:31 | DEBUG    | Fetched 5 bars for XAUUSD M15
2026-03-27 10:11:36 | DEBUG    | Fetched 2 bars for XAUUSD M15
2026-03-27 10:11:36 | DEBUG    | Fetched 5 bars for XAUUSD M15
2026-03-27 10:11:38 | INFO     | Stopping trading bot...
2026-03-27 10:11:38 | INFO     | Telegram: Shutdown message sent
2026-03-27 10:11:38 | INFO     | Disconnected from MT5
2026-03-27 10:11:38 | INFO     | ========================================
2026-03-27 10:11:38 | INFO     | SESSION SUMMARY
2026-03-27 10:11:38 | INFO     | Total loops: 1
2026-03-27 10:11:38 | INFO     | Avg execution: 416.37ms
2026-03-27 10:11:38 | INFO     | Min execution: 403.93ms
2026-03-27 10:11:38 | INFO     | Max execution: 871.53ms
2026-03-27 10:11:38 | INFO     | Trades today: 0
2026-03-27 10:11:38 | INFO     | ========================================
2026-03-27 10:11:38 | INFO     | Bot lockfile released
2026-03-27 10:11:43 | WARNING  | lightgbm not installed (optional for ensemble)
2026-03-27 10:11:44 | INFO     | Bot lockfile acquired: PID 51964
2026-03-27 10:11:44 | INFO     | Filter config loaded: 11/11 filters enabled
2026-03-27 10:11:48 | ERROR    | Database connection failed: connection to server at "localhost" (::1), port 5432 failed: Connection refused (0x0000274D/10061)
	Is the server running on that host and accepting TCP/IP connections?
connection to server at "localhost" (127.0.0.1), port 5432 failed: Connection refused (0x0000274D/10061)
	Is the server running on that host and accepting TCP/IP connections?

2026-03-27 10:11:48 | WARNING  | AutoTrainer: Database connection failed, using file
2026-03-27 10:11:48 | INFO     | AutoTrainer initialized: DB=False, Min AUC=0.65
2026-03-27 10:11:48 | INFO     | Loaded total loss: $0.00
2026-03-27 10:11:48 | INFO     | Loaded today's state: loss=$0.00, profit=$2.63
2026-03-27 10:11:48 | WARNING  | Could not initialize FuzzyExitController: scikit-fuzzy not installed. Install with: pip install scikit-fuzzy
2026-03-27 10:11:48 | INFO     |   [OK] Kelly Position Scaler initialized
2026-03-27 10:11:48 | INFO     |   [OK] Trajectory Predictor initialized
2026-03-27 10:11:48 | INFO     |   [OK] Momentum Persistence initialized
2026-03-27 10:11:48 | INFO     |   [OK] Recovery Detector initialized
2026-03-27 10:11:48 | INFO     | ==================================================
2026-03-27 10:11:48 | WARNING  | Could not read VERSION file: [Errno 2] No such file or directory: 'C:\\Users\\BGVK38\\Desktop\\Quant_Trading_Bot\\VERSION', using default 0.0.0
2026-03-27 10:11:48 | INFO     | SMART RISK MANAGER v0.6.0 (Exit v6.3 Predictive Intelligence) INITIALIZED
2026-03-27 10:11:48 | INFO     |   Capital: $5,000.00
2026-03-27 10:11:48 | INFO     |   Max Daily Loss: 5.0% ($250.00)
2026-03-27 10:11:48 | INFO     |   Max Total Loss: 10.0% ($500.00)
2026-03-27 10:11:48 | INFO     |   Software S/L: 0.75% ($37.50)
2026-03-27 10:11:48 | INFO     |   Emergency Broker S/L: 1.5% ($75.00)
2026-03-27 10:11:48 | INFO     |   Max Positions: 2
2026-03-27 10:11:48 | INFO     |   Base Lot: 0.01
2026-03-27 10:11:48 | INFO     |   Max Lot: 0.02
2026-03-27 10:11:48 | INFO     |   Mode: SMART S/L (software + broker safety net)
2026-03-27 10:11:48 | INFO     |   Advanced Exits: ENABLED (Kalman + Fuzzy + Kelly + Predictive)
2026-03-27 10:11:48 | INFO     | ==================================================
2026-03-27 10:11:48 | WARNING  | Telegram notifier disabled - missing BOT_TOKEN or CHAT_ID
2026-03-27 10:11:48 | INFO     | Telegram notifier initialized (enabled=False)
2026-03-27 10:11:52 | ERROR    | Database connection failed: connection to server at "localhost" (::1), port 5432 failed: Connection refused (0x0000274D/10061)
	Is the server running on that host and accepting TCP/IP connections?
connection to server at "localhost" (127.0.0.1), port 5432 failed: Connection refused (0x0000274D/10061)
	Is the server running on that host and accepting TCP/IP connections?

2026-03-27 10:11:52 | WARNING  | TradeLogger: Database connection failed, using CSV
2026-03-27 10:11:52 | INFO     | TradeLogger initialized: DB=False, CSV=data\trade_logs
2026-03-27 10:11:52 | INFO     | Dashboard state restored: 86 prices, 2 logs, loops=1, uptime=0.1h
2026-03-27 10:11:52 | INFO     | ============================================================
2026-03-27 10:11:52 | INFO     | XAUBOT AI v0.6.0 (Kalman + Fuzzy + Kelly + Predictive)
2026-03-27 10:11:52 | INFO     | Strategy: Exit v6.3 Predictive Intelligence
2026-03-27 10:11:52 | INFO     | ============================================================
2026-03-27 10:11:52 | INFO     | Symbol: XAUUSD
2026-03-27 10:11:52 | INFO     | Capital: $5,000.00
2026-03-27 10:11:52 | INFO     | Mode: small
2026-03-27 10:11:52 | INFO     | Simulation: False
2026-03-27 10:11:52 | INFO     | ============================================================
2026-03-27 10:11:52 | INFO     | Loading trained models...
2026-03-27 10:11:52 | INFO     | HMM model v3 loaded from models\hmm_regime.pkl
2026-03-27 10:11:52 | INFO     | HMM Regime model loaded successfully
2026-03-27 10:11:52 | INFO     | Model loaded from models\xgboost_model.pkl
2026-03-27 10:11:52 | INFO     |   Type: xgboost_binary
2026-03-27 10:11:52 | INFO     |   train_auc: 0.6706
2026-03-27 10:11:52 | INFO     |   test_auc: 0.6109
2026-03-27 10:11:52 | INFO     | ML V2 Model D loaded successfully
2026-03-27 10:11:52 | INFO     |   Features: 37
2026-03-27 10:11:52 | INFO     |   Type: xgboost_binary
2026-03-27 10:11:54 | INFO     | Connected to MT5: MetaQuotes-Demo (Account: 10010248609)
2026-03-27 10:11:55 | INFO     | MT5 connected successfully!
2026-03-27 10:11:55 | INFO     | Account Balance: $99,588.36
2026-03-27 10:11:55 | INFO     | Account Equity: $99,588.36
2026-03-27 10:11:55 | INFO     | Session: Sydney (low vol)
2026-03-27 10:11:55 | INFO     | Can Trade: True - Trading OK - Sydney (SAFE MODE: 0.5x lot)
2026-03-27 10:11:55 | INFO     | Telegram: Startup message sent
2026-03-27 10:11:55 | INFO     | Telegram commands registered: /status /market /risk /positions /daily /filters /help
2026-03-27 10:11:55 | INFO     | Position guards synced: 0 active (MT5 has 0 positions)
2026-03-27 10:11:55 | INFO     | Starting main trading loop...
2026-03-27 10:11:55 | DEBUG    | Fetched 2 bars for XAUUSD M15
2026-03-27 10:11:55 | INFO     | Filter config loaded: 11/11 filters enabled
2026-03-27 10:11:55 | DEBUG    | Fetched 200 bars for XAUUSD M15
2026-03-27 10:11:55 | DEBUG    | RSI calculated (period=14)
2026-03-27 10:11:55 | DEBUG    | ATR calculated (period=14)
2026-03-27 10:11:55 | DEBUG    | MACD calculated (12/26/9)
2026-03-27 10:11:55 | DEBUG    | Bollinger Bands calculated (period=20, std=2.0)
2026-03-27 10:11:55 | DEBUG    | EMA crossover calculated (9/21)
2026-03-27 10:11:55 | DEBUG    | Volume features calculated (period=20, includes OFI & toxicity)
2026-03-27 10:11:55 | DEBUG    | ML features calculated
2026-03-27 10:11:55 | DEBUG    | Swing points: 12 highs, 17 lows
2026-03-27 10:11:55 | DEBUG    | FVG calculation complete. Bullish: 19, Bearish: 20
2026-03-27 10:11:55 | DEBUG    | Order Blocks: 9 bullish, 11 bearish
2026-03-27 10:11:55 | DEBUG    | BOS: 0 bullish, 1 bearish
2026-03-27 10:11:55 | DEBUG    | CHoCH: 3 bullish, 3 bearish
2026-03-27 10:11:56 | DEBUG    | Fetched 100 bars for XAUUSD H1
2026-03-27 10:11:56 | DEBUG    | RSI calculated (period=14)
2026-03-27 10:11:56 | DEBUG    | ATR calculated (period=14)
2026-03-27 10:11:56 | DEBUG    | MACD calculated (12/26/9)
2026-03-27 10:11:56 | DEBUG    | Bollinger Bands calculated (period=20, std=2.0)
2026-03-27 10:11:56 | DEBUG    | EMA crossover calculated (9/21)
2026-03-27 10:11:56 | DEBUG    | Volume features calculated (period=20, includes OFI & toxicity)
2026-03-27 10:11:56 | DEBUG    | Swing points: 6 highs, 7 lows
2026-03-27 10:11:56 | DEBUG    | FVG calculation complete. Bullish: 11, Bearish: 11
2026-03-27 10:11:56 | DEBUG    | Order Blocks: 5 bullish, 5 bearish
2026-03-27 10:11:56 | DEBUG    | BOS: 0 bullish, 2 bearish
2026-03-27 10:11:56 | DEBUG    | CHoCH: 0 bullish, 1 bearish
2026-03-27 10:11:56 | INFO     | Adding all V2 features (23 new features)...
2026-03-27 10:11:56 | DEBUG    | H1 features added (8 features)
2026-03-27 10:11:56 | DEBUG    | Continuous SMC features added (7 features)
2026-03-27 10:11:56 | DEBUG    | Regime features added (4 features)
2026-03-27 10:11:56 | DEBUG    | Price action features added (4 features)
2026-03-27 10:11:56 | INFO     | All V2 features added (23 total)
2026-03-27 10:11:56 | INFO     | SMC Signal: BUY @ 4433.03000, SL: 4375.38000, TP: 4519.50500, RR: 1.50, Confidence: 0.85
2026-03-27 10:11:56 | DEBUG    | Fetched 50 bars for XAUUSD M15
2026-03-27 10:11:56 | INFO     | Telegram: Hourly analysis report sent
2026-03-27 10:11:56 | INFO     | Telegram: Hourly analysis report sent
2026-03-27 10:11:56 | INFO     | [SMC-ONLY] BUY @ 4433.03 (SMC=85%, ML=HOLD 50%, Final=76%)
2026-03-27 10:11:56 | INFO     | H1 Filter: BUY aligned with H1=BULLISH (+5% boost)
2026-03-27 10:11:56 | INFO     | Trade rejected: Confidence 50.0% is below strict 70% threshold
2026-03-27 10:11:56 | INFO     | Sydney SAFE MODE: Lot 0.00 -> 0.01 (0.5x)
2026-03-27 10:11:56 | INFO     | Smart Risk: Lot=0.01, Risk=$5.76 (0.01%), Mode=normal
2026-03-27 10:11:56 | INFO     | Emergency SL calculated: 4425.53 ($75.00 max loss)
2026-03-27 10:11:56 | INFO     | ==================================================
2026-03-27 10:11:56 | INFO     | SAFE TRADE MODE v2 - SMART S/L
2026-03-27 10:11:56 | INFO     | ==================================================
2026-03-27 10:11:56 | INFO     | TRADE SIGNAL: BUY
2026-03-27 10:11:56 | INFO     |   Entry: 4433.03
2026-03-27 10:11:56 | INFO     |   TP: 4519.50
2026-03-27 10:11:56 | INFO     |   Emergency SL: 4425.53 (broker safety net)
2026-03-27 10:11:56 | INFO     |   Software S/L: $37.50 (smart management)
2026-03-27 10:11:56 | INFO     |   Lot: 0.01 (Ultra Safe)
2026-03-27 10:11:56 | INFO     |   Confidence: 80.33%
2026-03-27 10:11:56 | INFO     |   Reason: SMC-ONLY: Bullish BOS/CHoCH + FVG | ML: HOLD (50%)
2026-03-27 10:11:56 | INFO     | ==================================================
2026-03-27 10:11:56 | INFO     |   Broker SL: 4375.38 (ATR-based protection)
2026-03-27 10:11:56 | INFO     | Order executed: BUY 0.01 XAUUSD @ 4433.21
2026-03-27 10:11:56 | INFO     | SAFE ORDER EXECUTED! ID: 151850717467
2026-03-27 10:11:56 | INFO     | Slippage OK: $0.18 (1.8 pips)
2026-03-27 10:11:56 | DEBUG    | Full fill: 0.01 lots
2026-03-27 10:11:56 | INFO     | Position #151850717467 registered - NO HARD SL, max loss $37.5
2026-03-27 10:11:56 | DEBUG    | TradeLogger: Recorded open #151850717467
2026-03-27 10:11:56 | INFO     | Telegram: Trade open notification sent for #151850717467
2026-03-27 10:12:01 | DEBUG    | Fetched 2 bars for XAUUSD M15
2026-03-27 10:12:02 | DEBUG    | Fetched 5 bars for XAUUSD M15
2026-03-27 10:12:07 | DEBUG    | Fetched 2 bars for XAUUSD M15
2026-03-27 10:12:07 | DEBUG    | Fetched 5 bars for XAUUSD M15
2026-03-27 10:12:07 | INFO     | [DYNAMIC] #151850717467 regime=high_volatility state=stalling P×1.00 L×1.50 | tp_min=$2.7 max_loss=$26.7 eff_max=$37.2 ratchet=$37.2 grace=2.0m ever_profit=N
2026-03-27 10:12:07 | INFO     | [MOMENTUM] #151850717467 profit=$-0.23 | vel=0.0037$/s | accel=0.0000 | stag=5s | ATR=17.8(0.99x) | samples=2
2026-03-27 10:12:12 | DEBUG    | Fetched 2 bars for XAUUSD M15
2026-03-27 10:12:12 | DEBUG    | Fetched 5 bars for XAUUSD M15
2026-03-27 10:12:18 | DEBUG    | Fetched 2 bars for XAUUSD M15
2026-03-27 10:12:18 | DEBUG    | Fetched 5 bars for XAUUSD M15
2026-03-27 10:12:23 | DEBUG    | Fetched 2 bars for XAUUSD M15
2026-03-27 10:12:23 | DEBUG    | Fetched 5 bars for XAUUSD M15
2026-03-27 10:12:28 | DEBUG    | Fetched 2 bars for XAUUSD M15
2026-03-27 10:12:29 | DEBUG    | Fetched 5 bars for XAUUSD M15
2026-03-27 10:12:34 | DEBUG    | Fetched 2 bars for XAUUSD M15
2026-03-27 10:12:34 | DEBUG    | Fetched 5 bars for XAUUSD M15
2026-03-27 10:12:39 | DEBUG    | Fetched 2 bars for XAUUSD M15
2026-03-27 10:12:39 | DEBUG    | Fetched 5 bars for XAUUSD M15
2026-03-27 10:12:39 | INFO     | [MOMENTUM] #151850717467 profit=$+0.24 | vel=-0.0198$/s | accel=-0.0020 | stag=22s | ATR=17.8(0.99x) | samples=8
2026-03-27 10:12:45 | DEBUG    | Fetched 2 bars for XAUUSD M15
2026-03-27 10:12:45 | DEBUG    | Fetched 5 bars for XAUUSD M15
2026-03-27 10:12:50 | DEBUG    | Fetched 2 bars for XAUUSD M15
2026-03-27 10:12:50 | DEBUG    | Fetched 5 bars for XAUUSD M15
2026-03-27 10:12:55 | DEBUG    | Fetched 2 bars for XAUUSD M15
2026-03-27 10:12:56 | DEBUG    | Fetched 5 bars for XAUUSD M15
2026-03-27 10:13:01 | DEBUG    | Fetched 2 bars for XAUUSD M15
2026-03-27 10:13:01 | DEBUG    | Fetched 5 bars for XAUUSD M15
2026-03-27 10:13:06 | DEBUG    | Fetched 2 bars for XAUUSD M15
2026-03-27 10:13:07 | DEBUG    | Fetched 5 bars for XAUUSD M15
2026-03-27 10:13:12 | DEBUG    | Fetched 2 bars for XAUUSD M15
2026-03-27 10:13:12 | DEBUG    | Fetched 5 bars for XAUUSD M15
2026-03-27 10:13:12 | INFO     | [DYNAMIC] #151850717467 regime=high_volatility state=declining P×1.00 L×1.35 | tp_min=$2.7 max_loss=$24.0 eff_max=$37.2 ratchet=$37.2 grace=5.0m ever_profit=Y
2026-03-27 10:13:12 | INFO     | [MOMENTUM] #151850717467 profit=$-1.00 | vel=-0.0485$/s | accel=-0.0008 | stag=54s | ATR=17.8(0.99x) | samples=14
2026-03-27 10:13:17 | DEBUG    | Fetched 2 bars for XAUUSD M15
2026-03-27 10:13:17 | DEBUG    | Fetched 5 bars for XAUUSD M15
2026-03-27 10:13:23 | DEBUG    | Fetched 2 bars for XAUUSD M15
2026-03-27 10:13:23 | DEBUG    | Fetched 5 bars for XAUUSD M15
2026-03-27 10:13:28 | DEBUG    | Fetched 2 bars for XAUUSD M15
2026-03-27 10:13:28 | DEBUG    | Fetched 5 bars for XAUUSD M15
2026-03-27 10:13:33 | DEBUG    | Fetched 2 bars for XAUUSD M15
2026-03-27 10:13:34 | DEBUG    | Fetched 5 bars for XAUUSD M15
2026-03-27 10:13:39 | DEBUG    | Fetched 2 bars for XAUUSD M15
2026-03-27 10:13:39 | DEBUG    | Fetched 5 bars for XAUUSD M15
2026-03-27 10:13:44 | DEBUG    | Fetched 2 bars for XAUUSD M15
2026-03-27 10:13:44 | DEBUG    | Fetched 5 bars for XAUUSD M15
2026-03-27 10:13:44 | INFO     | [MOMENTUM] #151850717467 profit=$-1.09 | vel=0.0032$/s | accel=-0.0002 | stag=22s | ATR=17.8(0.99x) | samples=20
2026-03-27 10:13:50 | DEBUG    | Fetched 2 bars for XAUUSD M15
2026-03-27 10:13:50 | DEBUG    | Fetched 5 bars for XAUUSD M15
2026-03-27 10:13:55 | DEBUG    | Fetched 2 bars for XAUUSD M15
2026-03-27 10:13:55 | DEBUG    | Fetched 5 bars for XAUUSD M15
2026-03-27 10:14:01 | DEBUG    | Fetched 2 bars for XAUUSD M15
2026-03-27 10:14:01 | DEBUG    | Fetched 5 bars for XAUUSD M15
2026-03-27 10:14:06 | DEBUG    | Fetched 2 bars for XAUUSD M15
2026-03-27 10:14:06 | DEBUG    | Fetched 5 bars for XAUUSD M15
2026-03-27 10:14:11 | DEBUG    | Fetched 2 bars for XAUUSD M15
2026-03-27 10:14:12 | DEBUG    | Fetched 5 bars for XAUUSD M15
2026-03-27 10:14:17 | DEBUG    | Fetched 2 bars for XAUUSD M15
2026-03-27 10:14:17 | DEBUG    | Fetched 5 bars for XAUUSD M15
2026-03-27 10:14:17 | INFO     | [DYNAMIC] #151850717467 regime=high_volatility state=stalling P×1.00 L×1.50 | tp_min=$2.7 max_loss=$24.0 eff_max=$37.2 ratchet=$37.2 grace=6.0m ever_profit=Y
2026-03-27 10:14:17 | INFO     | [MOMENTUM] #151850717467 profit=$-0.57 | vel=0.0221$/s | accel=0.0004 | stag=16s | ATR=17.8(0.99x) | samples=20
2026-03-27 10:14:22 | DEBUG    | Fetched 2 bars for XAUUSD M15
2026-03-27 10:14:22 | DEBUG    | Fetched 5 bars for XAUUSD M15
2026-03-27 10:14:28 | DEBUG    | Fetched 2 bars for XAUUSD M15
2026-03-27 10:14:28 | DEBUG    | Fetched 5 bars for XAUUSD M15
2026-03-27 10:14:33 | DEBUG    | Fetched 2 bars for XAUUSD M15
2026-03-27 10:14:33 | DEBUG    | Fetched 5 bars for XAUUSD M15
2026-03-27 10:14:38 | DEBUG    | Fetched 2 bars for XAUUSD M15
2026-03-27 10:14:39 | DEBUG    | Fetched 5 bars for XAUUSD M15
2026-03-27 10:14:44 | DEBUG    | Fetched 2 bars for XAUUSD M15
2026-03-27 10:14:44 | DEBUG    | Fetched 5 bars for XAUUSD M15
2026-03-27 10:14:49 | DEBUG    | Fetched 2 bars for XAUUSD M15
2026-03-27 10:14:50 | DEBUG    | Fetched 5 bars for XAUUSD M15
2026-03-27 10:14:50 | INFO     | [MOMENTUM] #151850717467 profit=$+1.13 | vel=0.0663$/s | accel=0.0007 | stag=0s | ATR=17.8(0.99x) | samples=20
2026-03-27 10:14:55 | DEBUG    | Fetched 2 bars for XAUUSD M15
2026-03-27 10:14:55 | DEBUG    | Fetched 5 bars for XAUUSD M15
2026-03-27 10:15:00 | DEBUG    | Fetched 2 bars for XAUUSD M15
2026-03-27 10:15:00 | INFO     | Filter config loaded: 11/11 filters enabled
2026-03-27 10:15:00 | DEBUG    | Fetched 200 bars for XAUUSD M15
2026-03-27 10:15:00 | DEBUG    | RSI calculated (period=14)
2026-03-27 10:15:00 | DEBUG    | ATR calculated (period=14)
2026-03-27 10:15:00 | DEBUG    | MACD calculated (12/26/9)
2026-03-27 10:15:00 | DEBUG    | Bollinger Bands calculated (period=20, std=2.0)
2026-03-27 10:15:00 | DEBUG    | EMA crossover calculated (9/21)
2026-03-27 10:15:00 | DEBUG    | Volume features calculated (period=20, includes OFI & toxicity)
2026-03-27 10:15:00 | DEBUG    | ML features calculated
2026-03-27 10:15:00 | DEBUG    | Swing points: 12 highs, 17 lows
2026-03-27 10:15:00 | DEBUG    | FVG calculation complete. Bullish: 20, Bearish: 20
2026-03-27 10:15:00 | DEBUG    | Order Blocks: 9 bullish, 11 bearish
2026-03-27 10:15:00 | DEBUG    | BOS: 0 bullish, 1 bearish
2026-03-27 10:15:00 | DEBUG    | CHoCH: 3 bullish, 3 bearish
2026-03-27 10:15:00 | INFO     | Adding all V2 features (23 new features)...
2026-03-27 10:15:00 | DEBUG    | H1 features added (8 features)
2026-03-27 10:15:00 | DEBUG    | Continuous SMC features added (7 features)
2026-03-27 10:15:00 | DEBUG    | Regime features added (4 features)
2026-03-27 10:15:00 | DEBUG    | Price action features added (4 features)
2026-03-27 10:15:00 | INFO     | All V2 features added (23 total)
2026-03-27 10:15:00 | INFO     | SMC Signal: BUY @ 4434.96000, SL: 4375.38000, TP: 4524.33000, RR: 1.50, Confidence: 0.85
2026-03-27 10:15:00 | INFO     | [SMC-ONLY] BUY @ 4434.96 (SMC=85%, ML=HOLD 50%, Final=76%)
2026-03-27 10:15:00 | INFO     | H1 Filter: BUY aligned with H1=BULLISH (+5% boost)
2026-03-27 10:15:00 | INFO     | Trade rejected: Confidence 50.0% is below strict 70% threshold
2026-03-27 10:15:00 | INFO     | Sydney SAFE MODE: Lot 0.00 -> 0.01 (0.5x)
2026-03-27 10:15:00 | INFO     | Smart Risk: Lot=0.01, Risk=$5.96 (0.01%), Mode=normal
2026-03-27 10:15:00 | INFO     | Emergency SL calculated: 4427.46 ($75.00 max loss)
2026-03-27 10:15:00 | INFO     | ==================================================
2026-03-27 10:15:00 | INFO     | SAFE TRADE MODE v2 - SMART S/L
2026-03-27 10:15:00 | INFO     | ==================================================
2026-03-27 10:15:00 | INFO     | TRADE SIGNAL: BUY
2026-03-27 10:15:00 | INFO     |   Entry: 4434.96
2026-03-27 10:15:00 | INFO     |   TP: 4524.33
2026-03-27 10:15:00 | INFO     |   Emergency SL: 4427.46 (broker safety net)
2026-03-27 10:15:00 | INFO     |   Software S/L: $37.50 (smart management)
2026-03-27 10:15:00 | INFO     |   Lot: 0.01 (Ultra Safe)
2026-03-27 10:15:00 | INFO     |   Confidence: 80.33%
2026-03-27 10:15:00 | INFO     |   Reason: SMC-ONLY: Bullish BOS/CHoCH + FVG | ML: HOLD (50%)
2026-03-27 10:15:00 | INFO     | ==================================================
2026-03-27 10:15:00 | INFO     |   Broker SL: 4375.38 (ATR-based protection)
2026-03-27 10:15:01 | INFO     | Order executed: BUY 0.01 XAUUSD @ 4435.15
2026-03-27 10:15:01 | INFO     | SAFE ORDER EXECUTED! ID: 151850725140
2026-03-27 10:15:01 | INFO     | Slippage OK: $0.19 (1.9 pips)
2026-03-27 10:15:01 | DEBUG    | Full fill: 0.01 lots
2026-03-27 10:15:01 | INFO     | Position #151850725140 registered - NO HARD SL, max loss $37.5
2026-03-27 10:15:01 | DEBUG    | TradeLogger: Recorded open #151850725140
2026-03-27 10:15:01 | INFO     | Telegram: Trade open notification sent for #151850725140
2026-03-27 10:15:06 | DEBUG    | Fetched 2 bars for XAUUSD M15
2026-03-27 10:15:06 | DEBUG    | Fetched 5 bars for XAUUSD M15
2026-03-27 10:15:11 | DEBUG    | Fetched 2 bars for XAUUSD M15
2026-03-27 10:15:11 | DEBUG    | Fetched 5 bars for XAUUSD M15
2026-03-27 10:15:11 | INFO     | [DYNAMIC] #151850725140 regime=high_volatility state=stalling P×1.00 L×1.50 | tp_min=$2.5 max_loss=$24.8 eff_max=$34.6 ratchet=$34.6 grace=2.0m ever_profit=N
2026-03-27 10:15:11 | INFO     | [MOMENTUM] #151850725140 profit=$-0.53 | vel=0.1622$/s | accel=0.0000 | stag=0s | ATR=16.5(0.92x) | samples=2
2026-03-27 10:15:17 | DEBUG    | Fetched 2 bars for XAUUSD M15
2026-03-27 10:15:17 | DEBUG    | Fetched 5 bars for XAUUSD M15
2026-03-27 10:15:22 | DEBUG    | Fetched 2 bars for XAUUSD M15
2026-03-27 10:15:22 | DEBUG    | Fetched 5 bars for XAUUSD M15
2026-03-27 10:15:22 | INFO     | [DYNAMIC] #151850717467 regime=high_volatility state=steady_profit P×1.00 L×2.25 | tp_min=$2.5 max_loss=$24.0 eff_max=$34.6 ratchet=$34.6 grace=10.0m ever_profit=Y
2026-03-27 10:15:22 | INFO     | [MOMENTUM] #151850717467 profit=$+1.62 | vel=-0.0059$/s | accel=0.0004 | stag=22s | ATR=16.5(0.92x) | samples=20
2026-03-27 10:15:28 | DEBUG    | Fetched 2 bars for XAUUSD M15
2026-03-27 10:15:28 | DEBUG    | Fetched 5 bars for XAUUSD M15
2026-03-27 10:15:33 | DEBUG    | Fetched 2 bars for XAUUSD M15
2026-03-27 10:15:33 | DEBUG    | Fetched 5 bars for XAUUSD M15
2026-03-27 10:15:38 | DEBUG    | Fetched 2 bars for XAUUSD M15
2026-03-27 10:15:39 | DEBUG    | Fetched 5 bars for XAUUSD M15
2026-03-27 10:15:44 | DEBUG    | Fetched 2 bars for XAUUSD M15
2026-03-27 10:15:44 | DEBUG    | Fetched 5 bars for XAUUSD M15
2026-03-27 10:15:44 | INFO     | [MOMENTUM] #151850725140 profit=$+0.25 | vel=0.0263$/s | accel=-0.0007 | stag=22s | ATR=16.5(0.92x) | samples=8
2026-03-27 10:15:49 | DEBUG    | Fetched 2 bars for XAUUSD M15
2026-03-27 10:15:49 | DEBUG    | Fetched 5 bars for XAUUSD M15
2026-03-27 10:15:55 | DEBUG    | Fetched 2 bars for XAUUSD M15
2026-03-27 10:15:55 | DEBUG    | Fetched 5 bars for XAUUSD M15
2026-03-27 10:15:55 | INFO     | [MOMENTUM] #151850717467 profit=$+2.59 | vel=0.0715$/s | accel=-0.0000 | stag=0s | ATR=16.5(0.92x) | samples=20
2026-03-27 10:16:00 | DEBUG    | Fetched 2 bars for XAUUSD M15
2026-03-27 10:16:00 | DEBUG    | Fetched 5 bars for XAUUSD M15
2026-03-27 10:16:05 | DEBUG    | Fetched 2 bars for XAUUSD M15
2026-03-27 10:16:06 | DEBUG    | Fetched 5 bars for XAUUSD M15
2026-03-27 10:16:11 | DEBUG    | Fetched 2 bars for XAUUSD M15
2026-03-27 10:16:11 | DEBUG    | Fetched 5 bars for XAUUSD M15
2026-03-27 10:16:16 | DEBUG    | Fetched 2 bars for XAUUSD M15
2026-03-27 10:16:17 | DEBUG    | Fetched 5 bars for XAUUSD M15
2026-03-27 10:16:17 | INFO     | [DYNAMIC] #151850725140 regime=high_volatility state=declining P×1.00 L×1.35 | tp_min=$2.5 max_loss=$22.3 eff_max=$34.6 ratchet=$34.6 grace=10.0m ever_profit=Y
2026-03-27 10:16:17 | INFO     | [MOMENTUM] #151850725140 profit=$+0.17 | vel=-0.0222$/s | accel=-0.0007 | stag=22s | ATR=16.5(0.92x) | samples=14
2026-03-27 10:16:22 | DEBUG    | Fetched 2 bars for XAUUSD M15
2026-03-27 10:16:22 | DEBUG    | Fetched 5 bars for XAUUSD M15
2026-03-27 10:16:27 | DEBUG    | Fetched 2 bars for XAUUSD M15
2026-03-27 10:16:27 | DEBUG    | Fetched 5 bars for XAUUSD M15
2026-03-27 10:16:27 | INFO     | [DYNAMIC] #151850717467 regime=high_volatility state=stalling P×1.00 L×2.25 | tp_min=$2.5 max_loss=$24.0 eff_max=$34.6 ratchet=$34.6 grace=10.0m ever_profit=Y
2026-03-27 10:16:27 | INFO     | [MOMENTUM] #151850717467 profit=$+2.08 | vel=0.0005$/s | accel=0.0001 | stag=32s | ATR=16.5(0.92x) | samples=20
2026-03-27 10:16:33 | DEBUG    | Fetched 2 bars for XAUUSD M15
2026-03-27 10:16:33 | DEBUG    | Fetched 5 bars for XAUUSD M15
2026-03-27 10:16:38 | DEBUG    | Fetched 2 bars for XAUUSD M15
2026-03-27 10:16:38 | DEBUG    | Fetched 5 bars for XAUUSD M15
2026-03-27 10:16:43 | DEBUG    | Fetched 2 bars for XAUUSD M15
2026-03-27 10:16:44 | DEBUG    | Fetched 5 bars for XAUUSD M15
2026-03-27 10:16:49 | DEBUG    | Fetched 2 bars for XAUUSD M15
2026-03-27 10:16:49 | DEBUG    | Fetched 5 bars for XAUUSD M15
2026-03-27 10:16:49 | INFO     | [MOMENTUM] #151850725140 profit=$+0.25 | vel=0.0051$/s | accel=-0.0005 | stag=16s | ATR=16.5(0.92x) | samples=20
2026-03-27 10:16:54 | DEBUG    | Fetched 2 bars for XAUUSD M15
2026-03-27 10:16:54 | DEBUG    | Fetched 5 bars for XAUUSD M15
2026-03-27 10:17:00 | DEBUG    | Fetched 2 bars for XAUUSD M15
2026-03-27 10:17:00 | DEBUG    | Fetched 5 bars for XAUUSD M15
2026-03-27 10:17:00 | INFO     | [MOMENTUM] #151850717467 profit=$+1.49 | vel=-0.0148$/s | accel=-0.0002 | stag=5s | ATR=16.5(0.92x) | samples=20
2026-03-27 10:17:05 | DEBUG    | Fetched 2 bars for XAUUSD M15
2026-03-27 10:17:05 | DEBUG    | Fetched 5 bars for XAUUSD M15
2026-03-27 10:17:11 | DEBUG    | Fetched 2 bars for XAUUSD M15
2026-03-27 10:17:11 | DEBUG    | Fetched 5 bars for XAUUSD M15
2026-03-27 10:17:16 | DEBUG    | Fetched 2 bars for XAUUSD M15
2026-03-27 10:17:16 | DEBUG    | Fetched 5 bars for XAUUSD M15
2026-03-27 10:17:21 | DEBUG    | Fetched 2 bars for XAUUSD M15
2026-03-27 10:17:22 | DEBUG    | Fetched 5 bars for XAUUSD M15
2026-03-27 10:17:22 | INFO     | Smart Close #151850717467: take_profit - [NO-NEW-HIGH] Securing $2.58 — peak $2.92 stale 92s, 3 failed attempts, retention 88%
2026-03-27 10:17:22 | INFO     | Position 151850717467 closed @ 4435.8
2026-03-27 10:17:22 | INFO     | CLOSED #151850717467: [NO-NEW-HIGH] Securing $2.58 — peak $2.92 stale 92s, 3 failed attempts, retention 88%
2026-03-27 10:17:22 | INFO     | PROFIT recorded: +$2.58 | Daily: +$5.21 | Total Loss: $0.00
2026-03-27 10:17:22 | INFO     | TradeLogger: Saved trade #151850717467 | BUY | P/L: $2.58 | Reason: take_profit
2026-03-27 10:17:22 | INFO     | Telegram: Trade close notification sent for #151850717467
2026-03-27 10:17:22 | INFO     | [DYNAMIC] #151850725140 regime=high_volatility state=stalling P×1.00 L×1.50 | tp_min=$2.5 max_loss=$17.4 eff_max=$34.6 ratchet=$34.6 grace=10.0m ever_profit=Y
2026-03-27 10:17:22 | INFO     | [MOMENTUM] #151850725140 profit=$+0.64 | vel=0.0497$/s | accel=0.0004 | stag=27s | ATR=16.5(0.92x) | samples=20
2026-03-27 10:17:27 | DEBUG    | Fetched 2 bars for XAUUSD M15
2026-03-27 10:17:27 | DEBUG    | Fetched 5 bars for XAUUSD M15
2026-03-27 10:17:32 | DEBUG    | Fetched 2 bars for XAUUSD M15
2026-03-27 10:17:33 | DEBUG    | Fetched 5 bars for XAUUSD M15
2026-03-27 10:17:38 | DEBUG    | Fetched 2 bars for XAUUSD M15
2026-03-27 10:17:38 | DEBUG    | Fetched 5 bars for XAUUSD M15
2026-03-27 10:17:43 | DEBUG    | Fetched 2 bars for XAUUSD M15
2026-03-27 10:17:44 | DEBUG    | Fetched 5 bars for XAUUSD M15
2026-03-27 10:17:49 | DEBUG    | Fetched 2 bars for XAUUSD M15
2026-03-27 10:17:49 | DEBUG    | Fetched 5 bars for XAUUSD M15
2026-03-27 10:17:54 | DEBUG    | Fetched 2 bars for XAUUSD M15
2026-03-27 10:17:54 | DEBUG    | Fetched 5 bars for XAUUSD M15
2026-03-27 10:17:54 | INFO     | [MOMENTUM] #151850725140 profit=$-1.68 | vel=-0.0124$/s | accel=-0.0003 | stag=5s | ATR=16.5(0.92x) | samples=20
2026-03-27 10:18:00 | DEBUG    | Fetched 2 bars for XAUUSD M15
2026-03-27 10:18:00 | DEBUG    | Fetched 5 bars for XAUUSD M15
2026-03-27 10:18:05 | DEBUG    | Fetched 2 bars for XAUUSD M15
2026-03-27 10:18:05 | DEBUG    | Fetched 5 bars for XAUUSD M15
2026-03-27 10:18:10 | DEBUG    | Fetched 2 bars for XAUUSD M15
2026-03-27 10:18:11 | DEBUG    | Fetched 5 bars for XAUUSD M15
2026-03-27 10:18:16 | DEBUG    | Fetched 2 bars for XAUUSD M15
2026-03-27 10:18:16 | DEBUG    | Fetched 5 bars for XAUUSD M15
2026-03-27 10:18:21 | DEBUG    | Fetched 2 bars for XAUUSD M15
2026-03-27 10:18:21 | DEBUG    | Fetched 5 bars for XAUUSD M15
2026-03-27 10:18:27 | DEBUG    | Fetched 2 bars for XAUUSD M15
2026-03-27 10:18:27 | DEBUG    | Fetched 5 bars for XAUUSD M15
2026-03-27 10:18:27 | INFO     | [DYNAMIC] #151850725140 regime=high_volatility state=stalling P×1.00 L×1.50 | tp_min=$2.5 max_loss=$17.4 eff_max=$34.6 ratchet=$34.6 grace=7.0m ever_profit=Y
2026-03-27 10:18:27 | INFO     | [MOMENTUM] #151850725140 profit=$-2.64 | vel=-0.0083$/s | accel=0.0002 | stag=38s | ATR=16.5(0.92x) | samples=20
2026-03-27 10:18:32 | DEBUG    | Fetched 2 bars for XAUUSD M15
2026-03-27 10:18:32 | DEBUG    | Fetched 5 bars for XAUUSD M15
2026-03-27 10:18:38 | DEBUG    | Fetched 2 bars for XAUUSD M15
2026-03-27 10:18:38 | DEBUG    | Fetched 5 bars for XAUUSD M15
2026-03-27 10:18:43 | DEBUG    | Fetched 2 bars for XAUUSD M15
2026-03-27 10:18:43 | DEBUG    | Fetched 5 bars for XAUUSD M15
2026-03-27 10:18:48 | DEBUG    | Fetched 2 bars for XAUUSD M15
2026-03-27 10:18:49 | DEBUG    | Fetched 5 bars for XAUUSD M15
2026-03-27 10:18:54 | DEBUG    | Fetched 2 bars for XAUUSD M15
2026-03-27 10:18:54 | DEBUG    | Fetched 5 bars for XAUUSD M15
2026-03-27 10:18:59 | DEBUG    | Fetched 2 bars for XAUUSD M15
2026-03-27 10:18:59 | DEBUG    | Fetched 5 bars for XAUUSD M15
2026-03-27 10:18:59 | INFO     | [MOMENTUM] #151850725140 profit=$-3.08 | vel=0.0148$/s | accel=0.0003 | stag=22s | ATR=16.5(0.92x) | samples=20
2026-03-27 10:19:05 | DEBUG    | Fetched 2 bars for XAUUSD M15
2026-03-27 10:19:05 | DEBUG    | Fetched 5 bars for XAUUSD M15
2026-03-27 10:19:10 | DEBUG    | Fetched 2 bars for XAUUSD M15
2026-03-27 10:19:10 | DEBUG    | Fetched 5 bars for XAUUSD M15
2026-03-27 10:19:15 | DEBUG    | Fetched 2 bars for XAUUSD M15
2026-03-27 10:19:16 | DEBUG    | Fetched 5 bars for XAUUSD M15
2026-03-27 10:19:21 | DEBUG    | Fetched 2 bars for XAUUSD M15
2026-03-27 10:19:21 | DEBUG    | Fetched 5 bars for XAUUSD M15
2026-03-27 10:19:26 | DEBUG    | Fetched 2 bars for XAUUSD M15
2026-03-27 10:19:27 | DEBUG    | Fetched 5 bars for XAUUSD M15
2026-03-27 10:19:32 | DEBUG    | Fetched 2 bars for XAUUSD M15
2026-03-27 10:19:32 | DEBUG    | Fetched 5 bars for XAUUSD M15
2026-03-27 10:19:32 | INFO     | [DYNAMIC] #151850725140 regime=high_volatility state=declining P×1.00 L×1.35 | tp_min=$2.5 max_loss=$17.4 eff_max=$34.6 ratchet=$34.6 grace=6.0m ever_profit=Y
2026-03-27 10:19:32 | INFO     | [MOMENTUM] #151850725140 profit=$-5.25 | vel=-0.0553$/s | accel=-0.0001 | stag=0s | ATR=16.5(0.92x) | samples=20
2026-03-27 10:19:37 | DEBUG    | Fetched 2 bars for XAUUSD M15
2026-03-27 10:19:37 | DEBUG    | Fetched 5 bars for XAUUSD M15
2026-03-27 10:19:43 | DEBUG    | Fetched 2 bars for XAUUSD M15
2026-03-27 10:19:43 | DEBUG    | Fetched 5 bars for XAUUSD M15
2026-03-27 10:19:48 | DEBUG    | Fetched 2 bars for XAUUSD M15
2026-03-27 10:19:48 | DEBUG    | Fetched 5 bars for XAUUSD M15
2026-03-27 10:19:53 | DEBUG    | Fetched 2 bars for XAUUSD M15
2026-03-27 10:19:54 | DEBUG    | Fetched 5 bars for XAUUSD M15
2026-03-27 10:19:59 | DEBUG    | Fetched 2 bars for XAUUSD M15
2026-03-27 10:19:59 | DEBUG    | Fetched 5 bars for XAUUSD M15
2026-03-27 10:20:04 | DEBUG    | Fetched 2 bars for XAUUSD M15
2026-03-27 10:20:04 | DEBUG    | Fetched 5 bars for XAUUSD M15
2026-03-27 10:20:04 | INFO     | [MOMENTUM] #151850725140 profit=$-4.61 | vel=0.0687$/s | accel=0.0004 | stag=0s | ATR=16.5(0.92x) | samples=20
2026-03-27 10:20:10 | DEBUG    | Fetched 2 bars for XAUUSD M15
2026-03-27 10:20:10 | DEBUG    | Fetched 5 bars for XAUUSD M15
2026-03-27 10:20:15 | DEBUG    | Fetched 2 bars for XAUUSD M15
2026-03-27 10:20:15 | DEBUG    | Fetched 5 bars for XAUUSD M15
2026-03-27 10:20:21 | DEBUG    | Fetched 2 bars for XAUUSD M15
2026-03-27 10:20:21 | DEBUG    | Fetched 5 bars for XAUUSD M15
2026-03-27 10:20:26 | DEBUG    | Fetched 2 bars for XAUUSD M15
2026-03-27 10:20:26 | DEBUG    | Fetched 5 bars for XAUUSD M15
2026-03-27 10:20:31 | DEBUG    | Fetched 2 bars for XAUUSD M15
2026-03-27 10:20:32 | DEBUG    | Fetched 5 bars for XAUUSD M15
2026-03-27 10:20:37 | DEBUG    | Fetched 2 bars for XAUUSD M15
2026-03-27 10:20:37 | DEBUG    | Fetched 5 bars for XAUUSD M15
2026-03-27 10:20:37 | INFO     | [DYNAMIC] #151850725140 regime=high_volatility state=declining P×1.00 L×1.35 | tp_min=$2.5 max_loss=$17.4 eff_max=$34.6 ratchet=$34.6 grace=6.0m ever_profit=Y
2026-03-27 10:20:37 | INFO     | [MOMENTUM] #151850725140 profit=$-3.94 | vel=0.0425$/s | accel=0.0010 | stag=27s | ATR=16.5(0.92x) | samples=20
2026-03-27 10:20:42 | DEBUG    | Fetched 2 bars for XAUUSD M15
2026-03-27 10:20:42 | DEBUG    | Fetched 5 bars for XAUUSD M15
2026-03-27 10:20:48 | DEBUG    | Fetched 2 bars for XAUUSD M15
2026-03-27 10:20:48 | DEBUG    | Fetched 5 bars for XAUUSD M15
2026-03-27 10:20:53 | DEBUG    | Fetched 2 bars for XAUUSD M15
2026-03-27 10:20:53 | DEBUG    | Fetched 5 bars for XAUUSD M15
2026-03-27 10:20:58 | DEBUG    | Fetched 2 bars for XAUUSD M15
2026-03-27 10:20:59 | DEBUG    | Fetched 5 bars for XAUUSD M15
2026-03-27 10:21:04 | DEBUG    | Fetched 2 bars for XAUUSD M15
2026-03-27 10:21:04 | DEBUG    | Fetched 5 bars for XAUUSD M15
2026-03-27 10:21:09 | DEBUG    | Fetched 2 bars for XAUUSD M15
2026-03-27 10:21:10 | DEBUG    | Fetched 5 bars for XAUUSD M15
2026-03-27 10:21:10 | INFO     | [MOMENTUM] #151850725140 profit=$-3.63 | vel=0.0207$/s | accel=0.0002 | stag=22s | ATR=16.5(0.92x) | samples=20
2026-03-27 10:21:15 | DEBUG    | Fetched 2 bars for XAUUSD M15
2026-03-27 10:21:15 | DEBUG    | Fetched 5 bars for XAUUSD M15
2026-03-27 10:21:20 | DEBUG    | Fetched 2 bars for XAUUSD M15
2026-03-27 10:21:20 | DEBUG    | Fetched 5 bars for XAUUSD M15
2026-03-27 10:21:26 | DEBUG    | Fetched 2 bars for XAUUSD M15
2026-03-27 10:21:26 | DEBUG    | Fetched 5 bars for XAUUSD M15
2026-03-27 10:21:31 | DEBUG    | Fetched 2 bars for XAUUSD M15
2026-03-27 10:21:31 | DEBUG    | Fetched 5 bars for XAUUSD M15
2026-03-27 10:21:36 | DEBUG    | Fetched 2 bars for XAUUSD M15
2026-03-27 10:21:37 | DEBUG    | Fetched 5 bars for XAUUSD M15
2026-03-27 10:21:42 | DEBUG    | Fetched 2 bars for XAUUSD M15
2026-03-27 10:21:42 | DEBUG    | Fetched 5 bars for XAUUSD M15
2026-03-27 10:21:42 | INFO     | [DYNAMIC] #151850725140 regime=high_volatility state=declining P×1.00 L×1.35 | tp_min=$2.5 max_loss=$17.4 eff_max=$34.6 ratchet=$34.6 grace=6.0m ever_profit=Y
2026-03-27 10:21:42 | INFO     | [MOMENTUM] #151850725140 profit=$-4.63 | vel=-0.0346$/s | accel=-0.0002 | stag=11s | ATR=16.5(0.92x) | samples=20
2026-03-27 10:21:47 | DEBUG    | Fetched 2 bars for XAUUSD M15
2026-03-27 10:21:47 | DEBUG    | Fetched 5 bars for XAUUSD M15
2026-03-27 10:21:53 | DEBUG    | Fetched 2 bars for XAUUSD M15
2026-03-27 10:21:53 | DEBUG    | Fetched 5 bars for XAUUSD M15
2026-03-27 10:21:58 | DEBUG    | Fetched 2 bars for XAUUSD M15
2026-03-27 10:21:58 | DEBUG    | Fetched 5 bars for XAUUSD M15
2026-03-27 10:22:04 | DEBUG    | Fetched 2 bars for XAUUSD M15
2026-03-27 10:22:04 | DEBUG    | Fetched 5 bars for XAUUSD M15
2026-03-27 10:22:09 | DEBUG    | Fetched 2 bars for XAUUSD M15
2026-03-27 10:22:09 | DEBUG    | Fetched 5 bars for XAUUSD M15
2026-03-27 10:22:14 | DEBUG    | Fetched 2 bars for XAUUSD M15
2026-03-27 10:22:15 | DEBUG    | Fetched 5 bars for XAUUSD M15
2026-03-27 10:22:15 | INFO     | [MOMENTUM] #151850725140 profit=$-4.81 | vel=-0.0268$/s | accel=-0.0005 | stag=43s | ATR=16.5(0.92x) | samples=20
2026-03-27 10:22:20 | DEBUG    | Fetched 2 bars for XAUUSD M15
2026-03-27 10:22:20 | DEBUG    | Fetched 5 bars for XAUUSD M15
2026-03-27 10:22:25 | DEBUG    | Fetched 2 bars for XAUUSD M15
2026-03-27 10:22:25 | DEBUG    | Fetched 5 bars for XAUUSD M15
2026-03-27 10:22:31 | DEBUG    | Fetched 2 bars for XAUUSD M15
2026-03-27 10:22:31 | DEBUG    | Fetched 5 bars for XAUUSD M15
2026-03-27 10:22:36 | DEBUG    | Fetched 2 bars for XAUUSD M15
2026-03-27 10:22:36 | DEBUG    | Fetched 5 bars for XAUUSD M15
2026-03-27 10:22:41 | DEBUG    | Fetched 2 bars for XAUUSD M15
2026-03-27 10:22:42 | DEBUG    | Fetched 5 bars for XAUUSD M15
2026-03-27 10:22:47 | DEBUG    | Fetched 2 bars for XAUUSD M15
2026-03-27 10:22:47 | DEBUG    | Fetched 5 bars for XAUUSD M15
2026-03-27 10:22:47 | INFO     | [DYNAMIC] #151850725140 regime=high_volatility state=declining P×1.00 L×1.35 | tp_min=$2.5 max_loss=$17.4 eff_max=$34.6 ratchet=$34.6 grace=7.0m ever_profit=Y
2026-03-27 10:22:47 | INFO     | [MOMENTUM] #151850725140 profit=$-5.42 | vel=-0.0254$/s | accel=-0.0001 | stag=76s | ATR=16.5(0.92x) | samples=20
2026-03-27 10:22:52 | DEBUG    | Fetched 2 bars for XAUUSD M15
2026-03-27 10:22:52 | DEBUG    | Fetched 5 bars for XAUUSD M15
2026-03-27 10:22:58 | DEBUG    | Fetched 2 bars for XAUUSD M15
2026-03-27 10:22:58 | DEBUG    | Fetched 5 bars for XAUUSD M15
2026-03-27 10:23:03 | DEBUG    | Fetched 2 bars for XAUUSD M15
2026-03-27 10:23:03 | DEBUG    | Fetched 5 bars for XAUUSD M15
2026-03-27 10:23:09 | DEBUG    | Fetched 2 bars for XAUUSD M15
2026-03-27 10:23:09 | DEBUG    | Fetched 5 bars for XAUUSD M15
2026-03-27 10:23:14 | DEBUG    | Fetched 2 bars for XAUUSD M15
2026-03-27 10:23:14 | DEBUG    | Fetched 5 bars for XAUUSD M15
2026-03-27 10:23:19 | DEBUG    | Fetched 2 bars for XAUUSD M15
2026-03-27 10:23:20 | DEBUG    | Fetched 5 bars for XAUUSD M15
2026-03-27 10:23:20 | INFO     | [MOMENTUM] #151850725140 profit=$-8.25 | vel=-0.0669$/s | accel=-0.0007 | stag=0s | ATR=16.5(0.92x) | samples=20
2026-03-27 10:23:25 | DEBUG    | Fetched 2 bars for XAUUSD M15
2026-03-27 10:23:25 | DEBUG    | Fetched 5 bars for XAUUSD M15
2026-03-27 10:23:30 | DEBUG    | Fetched 2 bars for XAUUSD M15
2026-03-27 10:23:30 | DEBUG    | Fetched 5 bars for XAUUSD M15
2026-03-27 10:23:36 | DEBUG    | Fetched 2 bars for XAUUSD M15
2026-03-27 10:23:36 | DEBUG    | Fetched 5 bars for XAUUSD M15
2026-03-27 10:23:41 | DEBUG    | Fetched 2 bars for XAUUSD M15
2026-03-27 10:23:41 | DEBUG    | Fetched 5 bars for XAUUSD M15
2026-03-27 10:23:46 | DEBUG    | Fetched 2 bars for XAUUSD M15
2026-03-27 10:23:47 | DEBUG    | Fetched 5 bars for XAUUSD M15
2026-03-27 10:23:52 | INFO     | Stopping trading bot...
2026-03-27 10:23:52 | INFO     | Telegram: Shutdown message sent
2026-03-27 10:23:52 | INFO     | Disconnected from MT5
2026-03-27 10:23:52 | INFO     | ========================================
2026-03-27 10:23:52 | INFO     | SESSION SUMMARY
2026-03-27 10:23:52 | INFO     | Total loops: 3
2026-03-27 10:23:52 | INFO     | Avg execution: 420.77ms
2026-03-27 10:23:52 | INFO     | Min execution: 406.98ms
2026-03-27 10:23:52 | INFO     | Max execution: 1087.38ms
2026-03-27 10:23:52 | INFO     | Trades today: 0
2026-03-27 10:23:52 | INFO     | ========================================
2026-03-27 10:23:52 | INFO     | Bot lockfile released
2026-03-27 10:23:56 | WARNING  | lightgbm not installed (optional for ensemble)
2026-03-27 10:23:56 | INFO     | Bot lockfile acquired: PID 27248
2026-03-27 10:23:56 | INFO     | Filter config loaded: 11/11 filters enabled
2026-03-27 10:24:00 | ERROR    | Database connection failed: connection to server at "localhost" (::1), port 5432 failed: Connection refused (0x0000274D/10061)
	Is the server running on that host and accepting TCP/IP connections?
connection to server at "localhost" (127.0.0.1), port 5432 failed: Connection refused (0x0000274D/10061)
	Is the server running on that host and accepting TCP/IP connections?

2026-03-27 10:24:00 | WARNING  | AutoTrainer: Database connection failed, using file
2026-03-27 10:24:01 | INFO     | AutoTrainer initialized: DB=False, Min AUC=0.65
2026-03-27 10:24:01 | INFO     | Loaded total loss: $0.00
2026-03-27 10:24:01 | INFO     | Loaded today's state: loss=$0.00, profit=$5.21
2026-03-27 10:24:01 | WARNING  | Could not initialize FuzzyExitController: scikit-fuzzy not installed. Install with: pip install scikit-fuzzy
2026-03-27 10:24:01 | INFO     |   [OK] Kelly Position Scaler initialized
2026-03-27 10:24:01 | INFO     |   [OK] Trajectory Predictor initialized
2026-03-27 10:24:01 | INFO     |   [OK] Momentum Persistence initialized
2026-03-27 10:24:01 | INFO     |   [OK] Recovery Detector initialized
2026-03-27 10:24:01 | INFO     | ==================================================
2026-03-27 10:24:01 | WARNING  | Could not read VERSION file: [Errno 2] No such file or directory: 'C:\\Users\\BGVK38\\Desktop\\Quant_Trading_Bot\\VERSION', using default 0.0.0
2026-03-27 10:24:01 | INFO     | SMART RISK MANAGER v0.6.0 (Exit v6.3 Predictive Intelligence) INITIALIZED
2026-03-27 10:24:01 | INFO     |   Capital: $5,000.00
2026-03-27 10:24:01 | INFO     |   Max Daily Loss: 5.0% ($250.00)
2026-03-27 10:24:01 | INFO     |   Max Total Loss: 10.0% ($500.00)
2026-03-27 10:24:01 | INFO     |   Software S/L: 0.75% ($37.50)
2026-03-27 10:24:01 | INFO     |   Emergency Broker S/L: 1.5% ($75.00)
2026-03-27 10:24:01 | INFO     |   Max Positions: 2
2026-03-27 10:24:01 | INFO     |   Base Lot: 0.01
2026-03-27 10:24:01 | INFO     |   Max Lot: 0.02
2026-03-27 10:24:01 | INFO     |   Mode: SMART S/L (software + broker safety net)
2026-03-27 10:24:01 | INFO     |   Advanced Exits: ENABLED (Kalman + Fuzzy + Kelly + Predictive)
2026-03-27 10:24:01 | INFO     | ==================================================
2026-03-27 10:24:01 | WARNING  | Telegram notifier disabled - missing BOT_TOKEN or CHAT_ID
2026-03-27 10:24:01 | INFO     | Telegram notifier initialized (enabled=False)
2026-03-27 10:24:05 | ERROR    | Database connection failed: connection to server at "localhost" (::1), port 5432 failed: Connection refused (0x0000274D/10061)
	Is the server running on that host and accepting TCP/IP connections?
connection to server at "localhost" (127.0.0.1), port 5432 failed: Connection refused (0x0000274D/10061)
	Is the server running on that host and accepting TCP/IP connections?

2026-03-27 10:24:05 | WARNING  | TradeLogger: Database connection failed, using CSV
2026-03-27 10:24:05 | INFO     | TradeLogger initialized: DB=False, CSV=data\trade_logs
2026-03-27 10:24:05 | INFO     | Dashboard state restored: 120 prices, 5 logs, loops=3, uptime=0.2h
2026-03-27 10:24:05 | INFO     | ============================================================
2026-03-27 10:24:05 | INFO     | XAUBOT AI v0.6.0 (Kalman + Fuzzy + Kelly + Predictive)
2026-03-27 10:24:05 | INFO     | Strategy: Exit v6.3 Predictive Intelligence
2026-03-27 10:24:05 | INFO     | ============================================================
2026-03-27 10:24:05 | INFO     | Symbol: XAUUSD
2026-03-27 10:24:05 | INFO     | Capital: $5,000.00
2026-03-27 10:24:05 | INFO     | Mode: small
2026-03-27 10:24:05 | INFO     | Simulation: False
2026-03-27 10:24:05 | INFO     | ============================================================
2026-03-27 10:24:05 | INFO     | Loading trained models...
2026-03-27 10:24:05 | INFO     | HMM model v3 loaded from models\hmm_regime.pkl
2026-03-27 10:24:05 | INFO     | HMM Regime model loaded successfully
2026-03-27 10:24:05 | INFO     | Model loaded from models\xgboost_model.pkl
2026-03-27 10:24:05 | INFO     |   Type: xgboost_binary
2026-03-27 10:24:05 | INFO     |   train_auc: 0.6706
2026-03-27 10:24:05 | INFO     |   test_auc: 0.6109
2026-03-27 10:24:05 | INFO     | ML V2 Model D loaded successfully
2026-03-27 10:24:05 | INFO     |   Features: 37
2026-03-27 10:24:05 | INFO     |   Type: xgboost_binary
2026-03-27 10:24:07 | INFO     | Connected to MT5: MetaQuotes-Demo (Account: 10010248609)
2026-03-27 10:24:08 | INFO     | MT5 connected successfully!
2026-03-27 10:24:08 | INFO     | Account Balance: $99,590.95
2026-03-27 10:24:08 | INFO     | Account Equity: $99,582.35
2026-03-27 10:24:08 | INFO     | Session: Sydney (low vol)
2026-03-27 10:24:08 | INFO     | Can Trade: True - Trading OK - Sydney (SAFE MODE: 0.5x lot)
2026-03-27 10:24:08 | INFO     | Telegram: Startup message sent
2026-03-27 10:24:08 | INFO     | Telegram commands registered: /status /market /risk /positions /daily /filters /help
2026-03-27 10:24:08 | INFO     | Position guards synced: 0 active (MT5 has 1 positions)
2026-03-27 10:24:08 | INFO     | Starting main trading loop...
2026-03-27 10:24:08 | DEBUG    | Fetched 2 bars for XAUUSD M15
2026-03-27 10:24:08 | INFO     | Filter config loaded: 11/11 filters enabled
2026-03-27 10:24:08 | DEBUG    | Fetched 200 bars for XAUUSD M15
2026-03-27 10:24:08 | DEBUG    | RSI calculated (period=14)
2026-03-27 10:24:08 | DEBUG    | ATR calculated (period=14)
2026-03-27 10:24:08 | DEBUG    | MACD calculated (12/26/9)
2026-03-27 10:24:08 | DEBUG    | Bollinger Bands calculated (period=20, std=2.0)
2026-03-27 10:24:08 | DEBUG    | EMA crossover calculated (9/21)
2026-03-27 10:24:08 | DEBUG    | Volume features calculated (period=20, includes OFI & toxicity)
2026-03-27 10:24:08 | DEBUG    | ML features calculated
2026-03-27 10:24:08 | DEBUG    | Swing points: 12 highs, 17 lows
2026-03-27 10:24:08 | DEBUG    | FVG calculation complete. Bullish: 20, Bearish: 20
2026-03-27 10:24:08 | DEBUG    | Order Blocks: 9 bullish, 11 bearish
2026-03-27 10:24:08 | DEBUG    | BOS: 0 bullish, 1 bearish
2026-03-27 10:24:08 | DEBUG    | CHoCH: 3 bullish, 3 bearish
2026-03-27 10:24:08 | DEBUG    | Fetched 100 bars for XAUUSD H1
2026-03-27 10:24:08 | DEBUG    | RSI calculated (period=14)
2026-03-27 10:24:08 | DEBUG    | ATR calculated (period=14)
2026-03-27 10:24:08 | DEBUG    | MACD calculated (12/26/9)
2026-03-27 10:24:08 | DEBUG    | Bollinger Bands calculated (period=20, std=2.0)
2026-03-27 10:24:08 | DEBUG    | EMA crossover calculated (9/21)
2026-03-27 10:24:08 | DEBUG    | Volume features calculated (period=20, includes OFI & toxicity)
2026-03-27 10:24:08 | DEBUG    | Swing points: 6 highs, 7 lows
2026-03-27 10:24:08 | DEBUG    | FVG calculation complete. Bullish: 11, Bearish: 11
2026-03-27 10:24:08 | DEBUG    | Order Blocks: 5 bullish, 5 bearish
2026-03-27 10:24:08 | DEBUG    | BOS: 0 bullish, 2 bearish
2026-03-27 10:24:08 | DEBUG    | CHoCH: 0 bullish, 1 bearish
2026-03-27 10:24:08 | INFO     | Adding all V2 features (23 new features)...
2026-03-27 10:24:08 | DEBUG    | H1 features added (8 features)
2026-03-27 10:24:08 | DEBUG    | Continuous SMC features added (7 features)
2026-03-27 10:24:08 | DEBUG    | Regime features added (4 features)
2026-03-27 10:24:08 | DEBUG    | Price action features added (4 features)
2026-03-27 10:24:08 | INFO     | All V2 features added (23 total)
2026-03-27 10:24:08 | INFO     | SMC Signal: BUY @ 4426.55000, SL: 4375.38000, TP: 4503.30500, RR: 1.50, Confidence: 0.85
2026-03-27 10:24:08 | INFO     | Position #151850725140 AUTO-REGISTERED (existing) - Protected with max loss $37.5
2026-03-27 10:24:09 | DEBUG    | Fetched 50 bars for XAUUSD M15
2026-03-27 10:24:09 | INFO     | Telegram: Hourly analysis report sent
2026-03-27 10:24:09 | INFO     | Telegram: Hourly analysis report sent
2026-03-27 10:24:09 | INFO     | [SMC-ONLY] BUY @ 4426.55 (SMC=85%, ML=HOLD 50%, Final=76%)
2026-03-27 10:24:09 | INFO     | H1 Filter: BUY aligned with H1=BULLISH (+5% boost)
2026-03-27 10:24:09 | INFO     | Trade rejected: Confidence 50.0% is below strict 70% threshold
2026-03-27 10:24:09 | INFO     | Sydney SAFE MODE: Lot 0.00 -> 0.01 (0.5x)
2026-03-27 10:24:09 | INFO     | Smart Risk: Lot=0.01, Risk=$5.12 (0.01%), Mode=normal
2026-03-27 10:24:09 | INFO     | Emergency SL calculated: 4419.05 ($75.00 max loss)
2026-03-27 10:24:09 | INFO     | ==================================================
2026-03-27 10:24:09 | INFO     | SAFE TRADE MODE v2 - SMART S/L
2026-03-27 10:24:09 | INFO     | ==================================================
2026-03-27 10:24:09 | INFO     | TRADE SIGNAL: BUY
2026-03-27 10:24:09 | INFO     |   Entry: 4426.55
2026-03-27 10:24:09 | INFO     |   TP: 4503.31
2026-03-27 10:24:09 | INFO     |   Emergency SL: 4419.05 (broker safety net)
2026-03-27 10:24:09 | INFO     |   Software S/L: $37.50 (smart management)
2026-03-27 10:24:09 | INFO     |   Lot: 0.01 (Ultra Safe)
2026-03-27 10:24:09 | INFO     |   Confidence: 80.33%
2026-03-27 10:24:09 | INFO     |   Reason: SMC-ONLY: Bullish BOS/CHoCH + FVG | ML: HOLD (50%)
2026-03-27 10:24:09 | INFO     | ==================================================
2026-03-27 10:24:09 | INFO     |   Broker SL: 4375.38 (ATR-based protection)
2026-03-27 10:24:09 | INFO     | Order executed: BUY 0.01 XAUUSD @ 4426.76
2026-03-27 10:24:09 | INFO     | SAFE ORDER EXECUTED! ID: 151850746306
2026-03-27 10:24:09 | INFO     | Slippage OK: $0.21 (2.1 pips)
2026-03-27 10:24:09 | DEBUG    | Full fill: 0.01 lots
2026-03-27 10:24:09 | INFO     | Position #151850746306 registered - NO HARD SL, max loss $37.5
2026-03-27 10:24:09 | DEBUG    | TradeLogger: Recorded open #151850746306
2026-03-27 10:24:09 | INFO     | Telegram: Trade open notification sent for #151850746306
2026-03-27 10:24:09 | INFO     | Candle #4 | Avg execution: 0.0ms
2026-03-27 10:24:14 | DEBUG    | Fetched 2 bars for XAUUSD M15
2026-03-27 10:24:14 | DEBUG    | Fetched 5 bars for XAUUSD M15
2026-03-27 10:24:14 | INFO     | [DYNAMIC] #151850725140 regime=high_volatility state=stalling P×1.00 L×1.50 | tp_min=$2.6 max_loss=$25.8 eff_max=$36.0 ratchet=$36.0 grace=2.0m ever_profit=N
2026-03-27 10:24:14 | INFO     | [MOMENTUM] #151850725140 profit=$-8.19 | vel=0.0683$/s | accel=0.0000 | stag=0s | ATR=17.2(0.96x) | samples=2
2026-03-27 10:24:19 | DEBUG    | Fetched 2 bars for XAUUSD M15
2026-03-27 10:24:20 | DEBUG    | Fetched 5 bars for XAUUSD M15
2026-03-27 10:24:20 | INFO     | [DYNAMIC] #151850746306 regime=high_volatility state=stalling P×1.00 L×1.50 | tp_min=$2.6 max_loss=$25.8 eff_max=$36.0 ratchet=$36.0 grace=10.0m ever_profit=N
2026-03-27 10:24:20 | INFO     | [MOMENTUM] #151850746306 profit=$+0.42 | vel=0.0406$/s | accel=0.0000 | stag=5s | ATR=17.2(0.96x) | samples=2
2026-03-27 10:24:25 | DEBUG    | Fetched 2 bars for XAUUSD M15
2026-03-27 10:24:25 | DEBUG    | Fetched 5 bars for XAUUSD M15
2026-03-27 10:24:30 | DEBUG    | Fetched 2 bars for XAUUSD M15
2026-03-27 10:24:30 | DEBUG    | Fetched 5 bars for XAUUSD M15
2026-03-27 10:24:36 | DEBUG    | Fetched 2 bars for XAUUSD M15
2026-03-27 10:24:36 | DEBUG    | Fetched 5 bars for XAUUSD M15
2026-03-27 10:24:41 | DEBUG    | Fetched 2 bars for XAUUSD M15
2026-03-27 10:24:41 | DEBUG    | Fetched 5 bars for XAUUSD M15
2026-03-27 10:24:46 | DEBUG    | Fetched 2 bars for XAUUSD M15
2026-03-27 10:24:47 | DEBUG    | Fetched 5 bars for XAUUSD M15
2026-03-27 10:24:47 | INFO     | [MOMENTUM] #151850725140 profit=$-7.30 | vel=0.0397$/s | accel=0.0010 | stag=27s | ATR=17.2(0.96x) | samples=8
2026-03-27 10:24:52 | DEBUG    | Fetched 2 bars for XAUUSD M15
2026-03-27 10:24:52 | DEBUG    | Fetched 5 bars for XAUUSD M15
2026-03-27 10:24:52 | INFO     | [MOMENTUM] #151850746306 profit=$+1.86 | vel=0.0831$/s | accel=0.0031 | stag=0s | ATR=17.2(0.96x) | samples=8
2026-03-27 10:24:57 | DEBUG    | Fetched 2 bars for XAUUSD M15
2026-03-27 10:24:58 | DEBUG    | Fetched 5 bars for XAUUSD M15
2026-03-27 10:25:03 | DEBUG    | Fetched 2 bars for XAUUSD M15
2026-03-27 10:25:03 | DEBUG    | Fetched 5 bars for XAUUSD M15
2026-03-27 10:25:08 | DEBUG    | Fetched 2 bars for XAUUSD M15
2026-03-27 10:25:08 | DEBUG    | Fetched 5 bars for XAUUSD M15
2026-03-27 10:25:14 | DEBUG    | Fetched 2 bars for XAUUSD M15
2026-03-27 10:25:14 | DEBUG    | Fetched 5 bars for XAUUSD M15
2026-03-27 10:25:19 | DEBUG    | Fetched 2 bars for XAUUSD M15
2026-03-27 10:25:19 | DEBUG    | Fetched 5 bars for XAUUSD M15
2026-03-27 10:25:19 | INFO     | [DYNAMIC] #151850725140 regime=high_volatility state=stalling P×1.00 L×1.50 | tp_min=$2.6 max_loss=$25.8 eff_max=$36.0 ratchet=$36.0 grace=2.0m ever_profit=N
2026-03-27 10:25:19 | INFO     | [MOMENTUM] #151850725140 profit=$-6.16 | vel=0.0106$/s | accel=0.0002 | stag=16s | ATR=17.2(0.96x) | samples=14
2026-03-27 10:25:24 | DEBUG    | Fetched 2 bars for XAUUSD M15
2026-03-27 10:25:25 | DEBUG    | Fetched 5 bars for XAUUSD M15
2026-03-27 10:25:25 | INFO     | [DYNAMIC] #151850746306 regime=high_volatility state=stalling P×1.00 L×1.50 | tp_min=$2.6 max_loss=$25.8 eff_max=$36.0 ratchet=$36.0 grace=10.0m ever_profit=Y
2026-03-27 10:25:25 | INFO     | [MOMENTUM] #151850746306 profit=$+3.35 | vel=0.0328$/s | accel=0.0003 | stag=22s | ATR=17.2(0.96x) | samples=14
2026-03-27 10:25:30 | DEBUG    | Fetched 2 bars for XAUUSD M15
2026-03-27 10:25:30 | DEBUG    | Fetched 5 bars for XAUUSD M15
2026-03-27 10:25:35 | DEBUG    | Fetched 2 bars for XAUUSD M15
2026-03-27 10:25:35 | DEBUG    | Fetched 5 bars for XAUUSD M15
2026-03-27 10:25:41 | DEBUG    | Fetched 2 bars for XAUUSD M15
2026-03-27 10:25:41 | DEBUG    | Fetched 5 bars for XAUUSD M15
2026-03-27 10:25:46 | DEBUG    | Fetched 2 bars for XAUUSD M15
2026-03-27 10:25:46 | DEBUG    | Fetched 5 bars for XAUUSD M15
2026-03-27 10:25:52 | DEBUG    | Fetched 2 bars for XAUUSD M15
2026-03-27 10:25:52 | DEBUG    | Fetched 5 bars for XAUUSD M15
2026-03-27 10:25:52 | INFO     | [MOMENTUM] #151850725140 profit=$-1.41 | vel=0.1341$/s | accel=0.0004 | stag=0s | ATR=17.2(0.96x) | samples=20
2026-03-27 10:25:57 | DEBUG    | Fetched 2 bars for XAUUSD M15
2026-03-27 10:25:57 | DEBUG    | Fetched 5 bars for XAUUSD M15
2026-03-27 10:25:57 | INFO     | [MOMENTUM] #151850746306 profit=$+5.92 | vel=0.0350$/s | accel=0.0003 | stag=5s | ATR=17.2(0.96x) | samples=20
2026-03-27 10:25:57 | INFO     | Smart Close #151850746306: take_profit - [DECEL] Securing $5.92 (accel: -0.0715, vel: -0.007)
2026-03-27 10:25:57 | INFO     | Position 151850746306 closed @ 4432.33
2026-03-27 10:25:57 | INFO     | CLOSED #151850746306: [DECEL] Securing $5.92 (accel: -0.0715, vel: -0.007)
2026-03-27 10:25:57 | INFO     | PROFIT recorded: +$5.92 | Daily: +$11.13 | Total Loss: $0.00
2026-03-27 10:25:57 | INFO     | TradeLogger: Saved trade #151850746306 | BUY | P/L: $5.92 | Reason: take_profit
2026-03-27 10:25:57 | INFO     | Telegram: Trade close notification sent for #151850746306
2026-03-27 10:26:03 | DEBUG    | Fetched 2 bars for XAUUSD M15
2026-03-27 10:26:03 | DEBUG    | Fetched 5 bars for XAUUSD M15
2026-03-27 10:26:08 | DEBUG    | Fetched 2 bars for XAUUSD M15
2026-03-27 10:26:08 | DEBUG    | Fetched 5 bars for XAUUSD M15
2026-03-27 10:26:08 | INFO     | [GRACE] Loss $4.74 (0.28 ATR) + momentum (-20) vel(-0.361) — holding 2.0m/2.0m grace
2026-03-27 10:26:13 | DEBUG    | Fetched 2 bars for XAUUSD M15
2026-03-27 10:26:14 | DEBUG    | Fetched 5 bars for XAUUSD M15
2026-03-27 10:26:19 | DEBUG    | Fetched 2 bars for XAUUSD M15
2026-03-27 10:26:19 | DEBUG    | Fetched 5 bars for XAUUSD M15
2026-03-27 10:26:24 | DEBUG    | Fetched 2 bars for XAUUSD M15
2026-03-27 10:26:24 | DEBUG    | Fetched 5 bars for XAUUSD M15
2026-03-27 10:26:24 | INFO     | [DYNAMIC] #151850725140 regime=high_volatility state=declining P×1.00 L×1.35 | tp_min=$2.6 max_loss=$23.3 eff_max=$36.0 ratchet=$36.0 grace=2.0m ever_profit=N
2026-03-27 10:26:24 | INFO     | [MOMENTUM] #151850725140 profit=$-4.81 | vel=-0.0129$/s | accel=-0.0010 | stag=5s | ATR=17.2(0.96x) | samples=20
2026-03-27 10:26:30 | DEBUG    | Fetched 2 bars for XAUUSD M15
2026-03-27 10:26:30 | DEBUG    | Fetched 5 bars for XAUUSD M15
2026-03-27 10:26:35 | DEBUG    | Fetched 2 bars for XAUUSD M15
2026-03-27 10:26:35 | DEBUG    | Fetched 5 bars for XAUUSD M15
2026-03-27 10:26:41 | DEBUG    | Fetched 2 bars for XAUUSD M15
2026-03-27 10:26:41 | DEBUG    | Fetched 5 bars for XAUUSD M15
2026-03-27 10:26:46 | DEBUG    | Fetched 2 bars for XAUUSD M15
2026-03-27 10:26:46 | DEBUG    | Fetched 5 bars for XAUUSD M15
2026-03-27 10:26:51 | DEBUG    | Fetched 2 bars for XAUUSD M15
2026-03-27 10:26:52 | DEBUG    | Fetched 5 bars for XAUUSD M15
2026-03-27 10:26:57 | DEBUG    | Fetched 2 bars for XAUUSD M15
2026-03-27 10:26:57 | DEBUG    | Fetched 5 bars for XAUUSD M15
2026-03-27 10:26:57 | INFO     | [EARLY CUT] Loss $7.04 (0.41 ATR) + weak velocity — CUTTING
2026-03-27 10:26:57 | INFO     | [MOMENTUM] #151850725140 profit=$-7.04 | vel=-0.1970$/s | accel=-0.0008 | stag=0s | ATR=17.2(0.96x) | samples=20
2026-03-27 10:26:57 | INFO     | Smart Close #151850725140: trend_reversal - [EARLY CUT] Loss $7.04 (0.41 ATR) + velocity — cutting
2026-03-27 10:26:57 | INFO     | Position 151850725140 closed @ 4428.14
2026-03-27 10:26:57 | INFO     | CLOSED #151850725140: [EARLY CUT] Loss $7.04 (0.41 ATR) + velocity — cutting
2026-03-27 10:26:57 | WARNING  | LOSS recorded: -$7.04 | Daily loss: $7.04 | Total Loss: $7.04
2026-03-27 10:26:57 | WARNING  | TradeLogger: No pending data for #151850725140, creating minimal record
2026-03-27 10:26:57 | INFO     | TradeLogger: Saved trade #151850725140 | UNKNOWN | P/L: $-7.04 | Reason: trend_reversal
2026-03-27 10:26:57 | INFO     | Telegram: Trade close notification sent for #151850725140
2026-03-27 10:27:02 | DEBUG    | Fetched 2 bars for XAUUSD M15
2026-03-27 10:27:03 | DEBUG    | Fetched 5 bars for XAUUSD M15
2026-03-27 10:27:08 | DEBUG    | Fetched 2 bars for XAUUSD M15
2026-03-27 10:27:08 | DEBUG    | Fetched 5 bars for XAUUSD M15
