2026-03-28 22:12:36 | INFO     | ============================================================
2026-03-28 22:12:36 | INFO     | SMART TRADING BOT - MODEL TRAINING
2026-03-28 22:12:36 | INFO     | ============================================================
2026-03-28 22:12:36 | INFO     | Symbol: XAUUSD
2026-03-28 22:12:36 | INFO     | Capital: $5,000.00
2026-03-28 22:12:36 | INFO     | Mode: small
2026-03-28 22:12:36 | INFO     | Connecting to MT5...
2026-03-28 22:12:38 | INFO     | Connected to MT5: MetaQuotes-Demo (Account: 10010248609)
2026-03-28 22:12:39 | INFO     | MT5 connected successfully!
2026-03-28 22:12:39 | INFO     | Account Balance: $99,473.93
2026-03-28 22:12:39 | INFO     | Account Equity: $99,473.93
2026-03-28 22:12:39 | INFO     | Initiating MASSIVE data fetch: 100000 bars on M5
2026-03-28 22:12:39 | INFO     | Fetching 100000 bars of XAUUSD M5 data...
2026-03-28 22:12:39 | WARNING  | Failed to get market data (attempt 1/3): (-2, 'Terminal: Invalid params')
2026-03-28 22:12:40 | WARNING  | Failed to get market data (attempt 2/3): (-2, 'Terminal: Invalid params')
2026-03-28 22:12:41 | WARNING  | Failed to get market data (attempt 3/3): (-2, 'Terminal: Invalid params')
2026-03-28 22:12:42 | ERROR    | Failed to get market data for XAUUSD after 3 attempts
2026-03-28 22:12:42 | ERROR    | Training failed: No data received from MT5
2026-03-28 22:12:42 | INFO     | Disconnected from MT5
2026-03-28 22:12:42 | INFO     | MT5 disconnected
