2026-03-29 00:10:13 | INFO     | ============================================================
2026-03-29 00:10:13 | INFO     | SMART TRADING BOT - MODEL TRAINING
2026-03-29 00:10:13 | INFO     | ============================================================
2026-03-29 00:10:13 | INFO     | Symbol: XAUUSD
2026-03-29 00:10:13 | INFO     | Capital: $5,000.00
2026-03-29 00:10:13 | INFO     | Mode: small
2026-03-29 00:10:13 | INFO     | Connecting to MT5...
2026-03-29 00:10:15 | INFO     | Connected to MT5: MetaQuotes-Demo (Account: 10010248609)
2026-03-29 00:10:16 | INFO     | MT5 connected successfully!
2026-03-29 00:10:16 | INFO     | Account Balance: $99,473.93
2026-03-29 00:10:16 | INFO     | Account Equity: $99,473.93
2026-03-29 00:10:16 | INFO     | Initiating MASSIVE data fetch: 100000 bars on M5
2026-03-29 00:10:16 | INFO     | Fetching 100000 bars of XAUUSD M5 data...
2026-03-29 00:10:17 | DEBUG    | Fetched 100000 bars for XAUUSD M5
2026-03-29 00:10:17 | INFO     | Received 100000 bars
2026-03-29 00:10:17 | INFO     | Date range: 2024-10-25 05:10:00 to 2026-03-27 22:55:00
2026-03-29 00:10:17 | INFO     | Applying feature engineering...
2026-03-29 00:10:17 | DEBUG    | RSI calculated (period=14)
2026-03-29 00:10:17 | DEBUG    | ATR calculated (period=14)
2026-03-29 00:10:17 | DEBUG    | MACD calculated (12/26/9)
2026-03-29 00:10:17 | DEBUG    | Bollinger Bands calculated (period=20, std=2.0)
2026-03-29 00:10:17 | DEBUG    | EMA crossover calculated (9/21)
2026-03-29 00:10:17 | DEBUG    | Volume features calculated (period=20, includes OFI & toxicity)
2026-03-29 00:10:17 | DEBUG    | Continuous structural patterns calculated for ML.
2026-03-29 00:10:17 | DEBUG    | ML features calculated
2026-03-29 00:10:17 | DEBUG    | Swing points: 6037 highs, 6149 lows
2026-03-29 00:10:17 | DEBUG    | FVG calculation complete. Bullish: 12172, Bearish: 10404
2026-03-29 00:10:17 | DEBUG    | Order Blocks: 4395 bullish, 4239 bearish
2026-03-29 00:10:17 | DEBUG    | BOS: 1370 bullish, 1005 bearish
2026-03-29 00:10:17 | DEBUG    | CHoCH: 1198 bullish, 1198 bearish
2026-03-29 00:10:17 | DEBUG    | Target created (lookahead=1, threshold=0.0)
2026-03-29 00:10:17 | INFO     | Total features created: 86
2026-03-29 00:10:17 | INFO     | Training data saved to data/training_data.parquet
2026-03-29 00:10:17 | INFO     | ============================================================
2026-03-29 00:10:17 | INFO     | Training HMM Regime Model
2026-03-29 00:10:17 | INFO     | ============================================================
2026-03-29 00:10:17 | INFO     | Features scaled: 99888 samples, 8 features
2026-03-29 00:10:24 | DEBUG    |   HMM seed 42: score=-695113.2, effective=-695516.2, fracs=[41.1%, 47.6%, 11.3%], phantom=False, diag_min=0.952, diag_mean=0.970
2026-03-29 00:10:29 | DEBUG    |   HMM seed 59: score=-695113.2, effective=-695516.2, fracs=[41.1%, 47.6%, 11.3%], phantom=False, diag_min=0.952, diag_mean=0.970
2026-03-29 00:10:34 | DEBUG    |   HMM seed 76: score=-695113.2, effective=-695516.2, fracs=[47.6%, 41.1%, 11.3%], phantom=False, diag_min=0.952, diag_mean=0.970
2026-03-29 00:10:39 | DEBUG    |   HMM seed 93: score=-695113.2, effective=-695516.2, fracs=[41.1%, 47.6%, 11.3%], phantom=False, diag_min=0.952, diag_mean=0.970
2026-03-29 00:10:43 | DEBUG    |   HMM seed 110: score=-695113.2, effective=-695516.2, fracs=[41.1%, 47.6%, 11.3%], phantom=False, diag_min=0.952, diag_mean=0.970
2026-03-29 00:10:43 | INFO     | HMM v3 fitted: 99888 samples, score=-695113.2, seed=76
2026-03-29 00:10:43 | INFO     |   State distribution: {'low_volatility': '47.6%', 'medium_volatility': '41.1%', 'high_volatility': '11.3%'}
2026-03-29 00:10:43 | INFO     |   Transmat diag: min=0.952, mean=0.970
2026-03-29 00:10:43 | INFO     |   Stability: avg_duration=57.4 bars, transitions=1740/99888 (17.4/1000)
2026-03-29 00:10:43 | INFO     |   Smoothing: enabled=True, min_duration=5
2026-03-29 00:10:43 | INFO     |   low_volatility: [0.985, 0.012, 0.003]
2026-03-29 00:10:43 | INFO     |   medium_volatility: [0.017, 0.974, 0.009]
2026-03-29 00:10:43 | INFO     |   high_volatility: [0.002, 0.046, 0.952]
2026-03-29 00:10:43 | INFO     | HMM model v3 saved to models\hmm_regime.pkl
2026-03-29 00:10:43 | INFO     | Regime Distribution:
2026-03-29 00:10:43 | INFO     |   low_volatility: 47839 bars
2026-03-29 00:10:43 | INFO     |   high_volatility: 10872 bars
2026-03-29 00:10:43 | INFO     |   medium_volatility: 41177 bars
2026-03-29 00:10:43 | INFO     | Transition Matrix:
2026-03-29 00:10:43 | INFO     |   low_volatility: ['0.98', '0.01', '0.00']
2026-03-29 00:10:43 | INFO     |   medium_volatility: ['0.02', '0.97', '0.01']
2026-03-29 00:10:43 | INFO     |   high_volatility: ['0.00', '0.05', '0.95']
2026-03-29 00:10:44 | INFO     | ============================================================
2026-03-29 00:10:44 | INFO     | Training XGBoost Model (Anti-Overfit Config)
2026-03-29 00:10:44 | INFO     | ============================================================
2026-03-29 00:10:44 | INFO     | Available features: 27/39
2026-03-29 00:10:44 | INFO     | Target Imbalance -> UP: 50855, DOWN: 49124
2026-03-29 00:10:44 | INFO     | Applied scale_pos_weight of 0.97 to balance predictions
2026-03-29 00:10:44 | INFO     | Train/Test gap: 50 bars to prevent temporal leakage
2026-03-29 00:10:44 | INFO     | Training with 74984 samples, testing with 24945 samples
2026-03-29 00:10:44 | INFO     | Training complete: Train AUC=0.5491, Test AUC=0.5164
2026-03-29 00:10:44 | INFO     | Model saved to models\xgboost_model.pkl
2026-03-29 00:10:44 | INFO     | Top 10 Feature Importance:
2026-03-29 00:10:44 | INFO     |   choch: 10.4498
2026-03-29 00:10:44 | INFO     |   lower_wick_ratio: 9.7849
2026-03-29 00:10:44 | INFO     |   returns_20: 9.2023
2026-03-29 00:10:44 | INFO     |   macd_histogram: 9.0769
2026-03-29 00:10:44 | INFO     |   market_structure: 9.0700
2026-03-29 00:10:44 | INFO     |   ema_21_dist_pct: 8.8694
2026-03-29 00:10:44 | INFO     |   macd: 8.4405
2026-03-29 00:10:44 | INFO     |   atr_percent: 8.4399
2026-03-29 00:10:44 | INFO     |   returns_1: 7.9270
2026-03-29 00:10:44 | INFO     |   bb_width: 7.8604
2026-03-29 00:10:44 | INFO     | ============================================================
2026-03-29 00:10:44 | INFO     | TRAINING COMPLETE
2026-03-29 00:10:44 | INFO     | ============================================================
2026-03-29 00:10:44 | INFO     | HMM Model: SAVED
2026-03-29 00:10:44 | INFO     | XGBoost Model: SAVED
2026-03-29 00:10:44 | INFO     | Models saved in: models/
2026-03-29 00:10:44 | INFO     | Training data saved in: data/
2026-03-29 00:10:44 | INFO     | Disconnected from MT5
2026-03-29 00:10:44 | INFO     | MT5 disconnected
2026-03-29 00:37:40 | INFO     | ============================================================
2026-03-29 00:37:40 | INFO     | SMART TRADING BOT - MODEL TRAINING
2026-03-29 00:37:40 | INFO     | ============================================================
2026-03-29 00:37:40 | INFO     | Symbol: XAUUSD
2026-03-29 00:37:40 | INFO     | Capital: $5,000.00
2026-03-29 00:37:40 | INFO     | Mode: small
2026-03-29 00:37:40 | INFO     | Connecting to MT5...
2026-03-29 00:37:43 | INFO     | Connected to MT5: MetaQuotes-Demo (Account: 10010248609)
2026-03-29 00:37:43 | INFO     | MT5 connected successfully!
2026-03-29 00:37:43 | INFO     | Account Balance: $99,473.93
2026-03-29 00:37:43 | INFO     | Account Equity: $99,473.93
2026-03-29 00:37:43 | INFO     | Initiating MASSIVE data fetch: 100000 bars on M5
2026-03-29 00:37:43 | INFO     | Fetching 100000 bars of XAUUSD M5 data...
2026-03-29 00:37:44 | DEBUG    | Fetched 100000 bars for XAUUSD M5
2026-03-29 00:37:44 | INFO     | Received 100000 bars
2026-03-29 00:37:44 | INFO     | Date range: 2024-10-25 05:10:00 to 2026-03-27 22:55:00
2026-03-29 00:37:44 | INFO     | Applying feature engineering...
2026-03-29 00:37:44 | DEBUG    | RSI calculated (period=14)
2026-03-29 00:37:44 | DEBUG    | ATR calculated (period=14)
2026-03-29 00:37:44 | DEBUG    | MACD calculated (12/26/9)
2026-03-29 00:37:44 | DEBUG    | Bollinger Bands calculated (period=20, std=2.0)
2026-03-29 00:37:44 | DEBUG    | EMA crossover calculated (9/21)
2026-03-29 00:37:44 | DEBUG    | Volume features calculated (period=20, includes OFI & toxicity)
2026-03-29 00:37:44 | DEBUG    | Continuous structural patterns calculated for ML.
2026-03-29 00:37:44 | DEBUG    | ML features calculated
2026-03-29 00:37:44 | DEBUG    | Swing points: 6037 highs, 6149 lows
2026-03-29 00:37:44 | DEBUG    | FVG calculation complete. Bullish: 12172, Bearish: 10404
2026-03-29 00:37:44 | DEBUG    | Order Blocks: 4395 bullish, 4239 bearish
2026-03-29 00:37:44 | DEBUG    | BOS: 1370 bullish, 1005 bearish
2026-03-29 00:37:44 | DEBUG    | CHoCH: 1198 bullish, 1198 bearish
2026-03-29 00:37:44 | DEBUG    | Target created (lookahead=1, threshold=0.0)
2026-03-29 00:37:44 | INFO     | Total features created: 86
2026-03-29 00:37:44 | INFO     | Training data saved to data/training_data.parquet
2026-03-29 00:37:44 | INFO     | ============================================================
2026-03-29 00:37:44 | INFO     | Training HMM Regime Model
2026-03-29 00:37:44 | INFO     | ============================================================
2026-03-29 00:37:44 | INFO     | Features scaled: 99888 samples, 8 features
2026-03-29 00:37:51 | DEBUG    |   HMM seed 42: score=-695113.2, effective=-695516.2, fracs=[41.1%, 47.6%, 11.3%], phantom=False, diag_min=0.952, diag_mean=0.970
2026-03-29 00:37:56 | DEBUG    |   HMM seed 59: score=-695113.2, effective=-695516.2, fracs=[41.1%, 47.6%, 11.3%], phantom=False, diag_min=0.952, diag_mean=0.970
2026-03-29 00:38:00 | DEBUG    |   HMM seed 76: score=-695113.2, effective=-695516.2, fracs=[47.6%, 41.1%, 11.3%], phantom=False, diag_min=0.952, diag_mean=0.970
2026-03-29 00:38:04 | DEBUG    |   HMM seed 93: score=-695113.2, effective=-695516.2, fracs=[41.1%, 47.6%, 11.3%], phantom=False, diag_min=0.952, diag_mean=0.970
2026-03-29 00:38:09 | DEBUG    |   HMM seed 110: score=-695113.2, effective=-695516.2, fracs=[41.1%, 47.6%, 11.3%], phantom=False, diag_min=0.952, diag_mean=0.970
2026-03-29 00:38:09 | INFO     | HMM v3 fitted: 99888 samples, score=-695113.2, seed=76
2026-03-29 00:38:09 | INFO     |   State distribution: {'low_volatility': '47.6%', 'medium_volatility': '41.1%', 'high_volatility': '11.3%'}
2026-03-29 00:38:09 | INFO     |   Transmat diag: min=0.952, mean=0.970
2026-03-29 00:38:09 | INFO     |   Stability: avg_duration=57.4 bars, transitions=1740/99888 (17.4/1000)
2026-03-29 00:38:09 | INFO     |   Smoothing: enabled=True, min_duration=5
2026-03-29 00:38:09 | INFO     |   low_volatility: [0.985, 0.012, 0.003]
2026-03-29 00:38:09 | INFO     |   medium_volatility: [0.017, 0.974, 0.009]
2026-03-29 00:38:09 | INFO     |   high_volatility: [0.002, 0.046, 0.952]
2026-03-29 00:38:09 | INFO     | HMM model v3 saved to models\hmm_regime.pkl
2026-03-29 00:38:09 | INFO     | Regime Distribution:
2026-03-29 00:38:09 | INFO     |   medium_volatility: 41177 bars
2026-03-29 00:38:09 | INFO     |   low_volatility: 47839 bars
2026-03-29 00:38:09 | INFO     |   high_volatility: 10872 bars
2026-03-29 00:38:09 | INFO     | Transition Matrix:
2026-03-29 00:38:09 | INFO     |   low_volatility: ['0.98', '0.01', '0.00']
2026-03-29 00:38:09 | INFO     |   medium_volatility: ['0.02', '0.97', '0.01']
2026-03-29 00:38:09 | INFO     |   high_volatility: ['0.00', '0.05', '0.95']
2026-03-29 00:38:09 | INFO     | ============================================================
2026-03-29 00:38:09 | INFO     | Training XGBoost Model (Anti-Overfit Config)
2026-03-29 00:38:09 | INFO     | ============================================================
2026-03-29 00:38:09 | INFO     | Available features: 27/39
2026-03-29 00:38:09 | INFO     | Target Imbalance -> UP: 50855, DOWN: 49124
2026-03-29 00:38:09 | INFO     | Applied scale_pos_weight of 0.97 to balance predictions
2026-03-29 00:38:09 | INFO     | Train/Test gap: 50 bars to prevent temporal leakage
2026-03-29 00:38:09 | INFO     | Training with 74984 samples, testing with 24945 samples
2026-03-29 00:38:10 | INFO     | Training complete: Train AUC=0.5833, Test AUC=0.5121
2026-03-29 00:38:10 | INFO     | Model saved to models\xgboost_model.pkl
2026-03-29 00:38:10 | INFO     | Top 10 Feature Importance:
2026-03-29 00:38:10 | INFO     |   log_returns: 10.3423
2026-03-29 00:38:10 | INFO     |   lower_wick_ratio: 8.2425
2026-03-29 00:38:10 | INFO     |   returns_1: 8.2038
2026-03-29 00:38:10 | INFO     |   macd_histogram: 8.1304
2026-03-29 00:38:10 | INFO     |   bb_width: 7.9915
2026-03-29 00:38:10 | INFO     |   atr_percent: 7.6220
2026-03-29 00:38:10 | INFO     |   dist_from_struct_high: 7.6020
2026-03-29 00:38:10 | INFO     |   volatility_20: 7.5776
2026-03-29 00:38:10 | INFO     |   returns_5: 7.5343
2026-03-29 00:38:10 | INFO     |   struct_position: 7.5316
2026-03-29 00:38:10 | INFO     | ============================================================
2026-03-29 00:38:10 | INFO     | TRAINING COMPLETE
2026-03-29 00:38:10 | INFO     | ============================================================
2026-03-29 00:38:10 | INFO     | HMM Model: SAVED
2026-03-29 00:38:10 | INFO     | XGBoost Model: SAVED
2026-03-29 00:38:10 | INFO     | Models saved in: models/
2026-03-29 00:38:10 | INFO     | Training data saved in: data/
2026-03-29 00:38:10 | INFO     | Disconnected from MT5
2026-03-29 00:38:10 | INFO     | MT5 disconnected
